[]file1:S1_frames_D.psxy
[]file2:20220628.psxy
 nline:        1635
         327           4           4           4           4           4           4           4           4           4           4           4           4           4           4           4           4           4           4           4           4           4           4           4           4           4           4           4           4           4           4           4           4           4           4           4           4           4           4           4           4           4           4           4           4           4           4           4           4           4           4           4           4           4           4           4           4           4           4           4           4           4           4           4           4           4           4           4           4           4           4           4           4           4           4           4           4           4           4           4           4           4           4           4           4           4           4           4           4           4           4           4           4           4           4           4           4           4           4           4           4           4           4           4           4           4           4           4           4           4           4           4           4           4           4           4           4           4           4           4           4           4           4           4           4           4           4           4           4           4           4           4           4           4           4           4           4           4           4           4           4           4           4           4           4           4           4           4           4           4           4           4           4           4           4           4           4           4           4           4           4           4           4           4           4           4           4           4           4           4           4           4           4           4           4           4           4           4           4           4           4           4           4           4           4           4           4           4           4           4           4           4           4           4           4           4           4           4           4           4           4           4           4           4           4           4           4           4           4           4           4           4           4           4           4           4           4           4           4           4           4           4           4           4           4           4           4           4           4           4           4           4           4           4           4           4           4           4           4           4           4           4           4           4           4           4           4           4           4           4           4           4           4           4           4           4           4           4           4           4           4           4           4           4           4           4           4           4           4           4           4           4           4           4           4           4           4           4           4           4           4           4           4           4           4           4           4           4           4           4           4           4           4           4           4           4           4           4           4           4           4           4           4           4           4           4           4           4           4           4           4           4           4           4           4           4           4           4           4           4           4           4           4           4           4           4           4           4        1308
 nline:          16
           8           1           1           1           1           1           1           1           1           8
 n1,n2:         327           8
 npts2:           1           1           1           1           1           1           1           1
 i2s,i2e:           1           1
 xy2:   112.25553200000000        31.455466000000001     
 input is point
 i1s,i1e:           1           5
 i1s,i1e:           5           9
 i1s,i1e:           9          13
 i1s,i1e:          13          17
 i1s,i1e:          17          21
 i1s,i1e:          21          25
 i1s,i1e:          25          29
 i1s,i1e:          29          33
 i1s,i1e:          33          37
 i1s,i1e:          37          41
 i1s,i1e:          41          45
 i1s,i1e:          45          49
 i1s,i1e:          49          53
 i1s,i1e:          53          57
 i1s,i1e:          57          61
 i1s,i1e:          61          65
 i1s,i1e:          65          69
 i1s,i1e:          69          73
 i1s,i1e:          73          77
 i1s,i1e:          77          81
 i1s,i1e:          81          85
 i1s,i1e:          85          89
 i1s,i1e:          89          93
 i1s,i1e:          93          97
 i1s,i1e:          97         101
 i1s,i1e:         101         105
 i1s,i1e:         105         109
 i1s,i1e:         109         113
 i1s,i1e:         113         117
 i1s,i1e:         117         121
 i1s,i1e:         121         125
 i1s,i1e:         125         129
 i1s,i1e:         129         133
 i1s,i1e:         133         137
 i1s,i1e:         137         141
 i1s,i1e:         141         145
 i1s,i1e:         145         149
 i1s,i1e:         149         153
 i1s,i1e:         153         157
 i1s,i1e:         157         161
 i1s,i1e:         161         165
 i1s,i1e:         165         169
 i1s,i1e:         169         173
 i1s,i1e:         173         177
 i1s,i1e:         177         181
 i1s,i1e:         181         185
 i1s,i1e:         185         189
 i1s,i1e:         189         193
 i1s,i1e:         193         197
 i1s,i1e:         197         201
 i1s,i1e:         201         205
 i1s,i1e:         205         209
 i1s,i1e:         209         213
 i1s,i1e:         213         217
 i1s,i1e:         217         221
 i1s,i1e:         221         225
 i1s,i1e:         225         229
 i1s,i1e:         229         233
 i1s,i1e:         233         237
 i1s,i1e:         237         241
 i1s,i1e:         241         245
 i1s,i1e:         245         249
 i1s,i1e:         249         253
 i1s,i1e:         253         257
 i1s,i1e:         257         261
 i1s,i1e:         261         265
 i1s,i1e:         265         269
 i1s,i1e:         269         273
 i1s,i1e:         273         277
 i1s,i1e:         277         281
 i1s,i1e:         281         285
 i1s,i1e:         285         289
 i1s,i1e:         289         293
 i1s,i1e:         293         297
 i1s,i1e:         297         301
 i1s,i1e:         301         305
 i1s,i1e:         305         309
 i1s,i1e:         309         313
 i1s,i1e:         313         317
 i1s,i1e:         317         321
 i1s,i1e:         321         325
 i1s,i1e:         325         329
 i1s,i1e:         329         333
 i1s,i1e:         333         337
 i1s,i1e:         337         341
 i1s,i1e:         341         345
 i1s,i1e:         345         349
 i1s,i1e:         349         353
 i1s,i1e:         353         357
 i1s,i1e:         357         361
 i1s,i1e:         361         365
 i1s,i1e:         365         369
 i1s,i1e:         369         373
 i1s,i1e:         373         377
 i1s,i1e:         377         381
 i1s,i1e:         381         385
 i1s,i1e:         385         389
 i1s,i1e:         389         393
 i1s,i1e:         393         397
 i1s,i1e:         397         401
 i1s,i1e:         401         405
 i1s,i1e:         405         409
 i1s,i1e:         409         413
 i1s,i1e:         413         417
 i1s,i1e:         417         421
 i1s,i1e:         421         425
 i1s,i1e:         425         429
 i1s,i1e:         429         433
 i1s,i1e:         433         437
 i1s,i1e:         437         441
 i1s,i1e:         441         445
 i1s,i1e:         445         449
 i1s,i1e:         449         453
 i1s,i1e:         453         457
 i1s,i1e:         457         461
 i1s,i1e:         461         465
 i1s,i1e:         465         469
 i1s,i1e:         469         473
 i1s,i1e:         473         477
 i1s,i1e:         477         481
 i1s,i1e:         481         485
 i1s,i1e:         485         489
 i1s,i1e:         489         493
 i1s,i1e:         493         497
 i1s,i1e:         497         501
 i1s,i1e:         501         505
 i1s,i1e:         505         509
 i1s,i1e:         509         513
 i1s,i1e:         513         517
 i1s,i1e:         517         521
 i1s,i1e:         521         525
 i1s,i1e:         525         529
 i1s,i1e:         529         533
 i1s,i1e:         533         537
 i1s,i1e:         537         541
 i1s,i1e:         541         545
 i1s,i1e:         545         549
 i1s,i1e:         549         553
 i1s,i1e:         553         557
 i1s,i1e:         557         561
 i1s,i1e:         561         565
 i1s,i1e:         565         569
 i1s,i1e:         569         573
 i1s,i1e:         573         577
 i1s,i1e:         577         581
 i1s,i1e:         581         585
 i1s,i1e:         585         589
 i1s,i1e:         589         593
 i1s,i1e:         593         597
 i1s,i1e:         597         601
 i1s,i1e:         601         605
 i1s,i1e:         605         609
 i1s,i1e:         609         613
 i1s,i1e:         613         617
 i1s,i1e:         617         621
 i1s,i1e:         621         625
 i1s,i1e:         625         629
 i1s,i1e:         629         633
 i1s,i1e:         633         637
 i1s,i1e:         637         641
 i1s,i1e:         641         645
 i1s,i1e:         645         649
 i1s,i1e:         649         653
 i1s,i1e:         653         657
 i1s,i1e:         657         661
 i1s,i1e:         661         665
 i1s,i1e:         665         669
 i1s,i1e:         669         673
 i1s,i1e:         673         677
 i1s,i1e:         677         681
 i1s,i1e:         681         685
 i1s,i1e:         685         689
 i1s,i1e:         689         693
 i1s,i1e:         693         697
 i1s,i1e:         697         701
 i1s,i1e:         701         705
 i1s,i1e:         705         709
 i1s,i1e:         709         713
 i1s,i1e:         713         717
 i1s,i1e:         717         721
 i1s,i1e:         721         725
 i1s,i1e:         725         729
 i1s,i1e:         729         733
 i1s,i1e:         733         737
 i1s,i1e:         737         741
 i1s,i1e:         741         745
 i1s,i1e:         745         749
 i1s,i1e:         749         753
 i1s,i1e:         753         757
 i1s,i1e:         757         761
 i1s,i1e:         761         765
 i1s,i1e:         765         769
 i1s,i1e:         769         773
 i1s,i1e:         773         777
 i1s,i1e:         777         781
 i1s,i1e:         781         785
 i1s,i1e:         785         789
 i1s,i1e:         789         793
 i1s,i1e:         793         797
 i1s,i1e:         797         801
 i1s,i1e:         801         805
 i1s,i1e:         805         809
 i1s,i1e:         809         813
 i1s,i1e:         813         817
 i1s,i1e:         817         821
 i1s,i1e:         821         825
 i1s,i1e:         825         829
 i1s,i1e:         829         833
 i1s,i1e:         833         837
 i1s,i1e:         837         841
 i1s,i1e:         841         845
 i1s,i1e:         845         849
 i1s,i1e:         849         853
 i1s,i1e:         853         857
 i1s,i1e:         857         861
 i1s,i1e:         861         865
 i1s,i1e:         865         869
 i1s,i1e:         869         873
 i1s,i1e:         873         877
 i1s,i1e:         877         881
 i1s,i1e:         881         885
 i1s,i1e:         885         889
 i1s,i1e:         889         893
 i1s,i1e:         893         897
 i1s,i1e:         897         901
 i1s,i1e:         901         905
 i1s,i1e:         905         909
 i1s,i1e:         909         913
 i1s,i1e:         913         917
 i1s,i1e:         917         921
 i1s,i1e:         921         925
 i1s,i1e:         925         929
 i1s,i1e:         929         933
 i1s,i1e:         933         937
 i1s,i1e:         937         941
 i1s,i1e:         941         945
 i1s,i1e:         945         949
 i1s,i1e:         949         953
 i1s,i1e:         953         957
 i1s,i1e:         957         961
 i1s,i1e:         961         965
 i1s,i1e:         965         969
 i1s,i1e:         969         973
 i1s,i1e:         973         977
 i1s,i1e:         977         981
 i1s,i1e:         981         985
 i1s,i1e:         985         989
 i1s,i1e:         989         993
 i1s,i1e:         993         997
 i1s,i1e:         997        1001
 i1s,i1e:        1001        1005
 i1s,i1e:        1005        1009
 i1s,i1e:        1009        1013
 i1s,i1e:        1013        1017
 i1s,i1e:        1017        1021
 i1s,i1e:        1021        1025
 i1s,i1e:        1025        1029
 i1s,i1e:        1029        1033
 i1s,i1e:        1033        1037
 i1s,i1e:        1037        1041
 i1s,i1e:        1041        1045
 i1s,i1e:        1045        1049
 i1s,i1e:        1049        1053
 i1s,i1e:        1053        1057
 i1s,i1e:        1057        1061
 i1s,i1e:        1061        1065
 i1s,i1e:        1065        1069
 i1s,i1e:        1069        1073
 i1s,i1e:        1073        1077
 i1s,i1e:        1077        1081
 i1s,i1e:        1081        1085
 i1s,i1e:        1085        1089
 i1s,i1e:        1089        1093
 i1s,i1e:        1093        1097
 i1s,i1e:        1097        1101
 i1s,i1e:        1101        1105
 i1s,i1e:        1105        1109
 i1s,i1e:        1109        1113
 i1s,i1e:        1113        1117
 i1s,i1e:        1117        1121
 i1s,i1e:        1121        1125
 i1s,i1e:        1125        1129
 i1s,i1e:        1129        1133
 i1s,i1e:        1133        1137
 i1s,i1e:        1137        1141
 i1s,i1e:        1141        1145
 i1s,i1e:        1145        1149
 i1s,i1e:        1149        1153
 i1s,i1e:        1153        1157
 i1s,i1e:        1157        1161
 i1s,i1e:        1161        1165
 i1s,i1e:        1165        1169
 i1s,i1e:        1169        1173
 i1s,i1e:        1173        1177
 i1s,i1e:        1177        1181
 i1s,i1e:        1181        1185
 i1s,i1e:        1185        1189
 i1s,i1e:        1189        1193
 i1s,i1e:        1193        1197
 i1s,i1e:        1197        1201
 i1s,i1e:        1201        1205
 i1s,i1e:        1205        1209
 i1s,i1e:        1209        1213
 i1s,i1e:        1213        1217
 i1s,i1e:        1217        1221
 i1s,i1e:        1221        1225
 i1s,i1e:        1225        1229
 i1s,i1e:        1229        1233
 i1s,i1e:        1233        1237
 i1s,i1e:        1237        1241
 i1s,i1e:        1241        1245
 i1s,i1e:        1245        1249
 i1s,i1e:        1249        1253
 i1s,i1e:        1253        1257
 i1s,i1e:        1257        1261
 i1s,i1e:        1261        1265
 i1s,i1e:        1265        1269
 i1s,i1e:        1269        1273
 i1s,i1e:        1273        1277
 i1s,i1e:        1277        1281
 i1s,i1e:        1281        1285
 i1s,i1e:        1285        1289
 i1s,i1e:        1289        1293
 i1s,i1e:        1293        1297
 i1s,i1e:        1297        1301
 i1s,i1e:        1301        1305
 i1s,i1e:        1305        1309
 nout:           1
MATCHED:  D105_0515
 i2s,i2e:           2           2
 xy2:   112.24614500000000        31.421358999999999     
 input is point
 i1s,i1e:           1           5
 i1s,i1e:           5           9
 i1s,i1e:           9          13
 i1s,i1e:          13          17
 i1s,i1e:          17          21
 i1s,i1e:          21          25
 i1s,i1e:          25          29
 i1s,i1e:          29          33
 i1s,i1e:          33          37
 i1s,i1e:          37          41
 i1s,i1e:          41          45
 i1s,i1e:          45          49
 i1s,i1e:          49          53
 i1s,i1e:          53          57
 i1s,i1e:          57          61
 i1s,i1e:          61          65
 i1s,i1e:          65          69
 i1s,i1e:          69          73
 i1s,i1e:          73          77
 i1s,i1e:          77          81
 i1s,i1e:          81          85
 i1s,i1e:          85          89
 i1s,i1e:          89          93
 i1s,i1e:          93          97
 i1s,i1e:          97         101
 i1s,i1e:         101         105
 i1s,i1e:         105         109
 i1s,i1e:         109         113
 i1s,i1e:         113         117
 i1s,i1e:         117         121
 i1s,i1e:         121         125
 i1s,i1e:         125         129
 i1s,i1e:         129         133
 i1s,i1e:         133         137
 i1s,i1e:         137         141
 i1s,i1e:         141         145
 i1s,i1e:         145         149
 i1s,i1e:         149         153
 i1s,i1e:         153         157
 i1s,i1e:         157         161
 i1s,i1e:         161         165
 i1s,i1e:         165         169
 i1s,i1e:         169         173
 i1s,i1e:         173         177
 i1s,i1e:         177         181
 i1s,i1e:         181         185
 i1s,i1e:         185         189
 i1s,i1e:         189         193
 i1s,i1e:         193         197
 i1s,i1e:         197         201
 i1s,i1e:         201         205
 i1s,i1e:         205         209
 i1s,i1e:         209         213
 i1s,i1e:         213         217
 i1s,i1e:         217         221
 i1s,i1e:         221         225
 i1s,i1e:         225         229
 i1s,i1e:         229         233
 i1s,i1e:         233         237
 i1s,i1e:         237         241
 i1s,i1e:         241         245
 i1s,i1e:         245         249
 i1s,i1e:         249         253
 i1s,i1e:         253         257
 i1s,i1e:         257         261
 i1s,i1e:         261         265
 i1s,i1e:         265         269
 i1s,i1e:         269         273
 i1s,i1e:         273         277
 i1s,i1e:         277         281
 i1s,i1e:         281         285
 i1s,i1e:         285         289
 i1s,i1e:         289         293
 i1s,i1e:         293         297
 i1s,i1e:         297         301
 i1s,i1e:         301         305
 i1s,i1e:         305         309
 i1s,i1e:         309         313
 i1s,i1e:         313         317
 i1s,i1e:         317         321
 i1s,i1e:         321         325
 i1s,i1e:         325         329
 i1s,i1e:         329         333
 i1s,i1e:         333         337
 i1s,i1e:         337         341
 i1s,i1e:         341         345
 i1s,i1e:         345         349
 i1s,i1e:         349         353
 i1s,i1e:         353         357
 i1s,i1e:         357         361
 i1s,i1e:         361         365
 i1s,i1e:         365         369
 i1s,i1e:         369         373
 i1s,i1e:         373         377
 i1s,i1e:         377         381
 i1s,i1e:         381         385
 i1s,i1e:         385         389
 i1s,i1e:         389         393
 i1s,i1e:         393         397
 i1s,i1e:         397         401
 i1s,i1e:         401         405
 i1s,i1e:         405         409
 i1s,i1e:         409         413
 i1s,i1e:         413         417
 i1s,i1e:         417         421
 i1s,i1e:         421         425
 i1s,i1e:         425         429
 i1s,i1e:         429         433
 i1s,i1e:         433         437
 i1s,i1e:         437         441
 i1s,i1e:         441         445
 i1s,i1e:         445         449
 i1s,i1e:         449         453
 i1s,i1e:         453         457
 i1s,i1e:         457         461
 i1s,i1e:         461         465
 i1s,i1e:         465         469
 i1s,i1e:         469         473
 i1s,i1e:         473         477
 i1s,i1e:         477         481
 i1s,i1e:         481         485
 i1s,i1e:         485         489
 i1s,i1e:         489         493
 i1s,i1e:         493         497
 i1s,i1e:         497         501
 i1s,i1e:         501         505
 i1s,i1e:         505         509
 i1s,i1e:         509         513
 i1s,i1e:         513         517
 i1s,i1e:         517         521
 i1s,i1e:         521         525
 i1s,i1e:         525         529
 i1s,i1e:         529         533
 i1s,i1e:         533         537
 i1s,i1e:         537         541
 i1s,i1e:         541         545
 i1s,i1e:         545         549
 i1s,i1e:         549         553
 i1s,i1e:         553         557
 i1s,i1e:         557         561
 i1s,i1e:         561         565
 i1s,i1e:         565         569
 i1s,i1e:         569         573
 i1s,i1e:         573         577
 i1s,i1e:         577         581
 i1s,i1e:         581         585
 i1s,i1e:         585         589
 i1s,i1e:         589         593
 i1s,i1e:         593         597
 i1s,i1e:         597         601
 i1s,i1e:         601         605
 i1s,i1e:         605         609
 i1s,i1e:         609         613
 i1s,i1e:         613         617
 i1s,i1e:         617         621
 i1s,i1e:         621         625
 i1s,i1e:         625         629
 i1s,i1e:         629         633
 i1s,i1e:         633         637
 i1s,i1e:         637         641
 i1s,i1e:         641         645
 i1s,i1e:         645         649
 i1s,i1e:         649         653
 i1s,i1e:         653         657
 i1s,i1e:         657         661
 i1s,i1e:         661         665
 i1s,i1e:         665         669
 i1s,i1e:         669         673
 i1s,i1e:         673         677
 i1s,i1e:         677         681
 i1s,i1e:         681         685
 i1s,i1e:         685         689
 i1s,i1e:         689         693
 i1s,i1e:         693         697
 i1s,i1e:         697         701
 i1s,i1e:         701         705
 i1s,i1e:         705         709
 i1s,i1e:         709         713
 i1s,i1e:         713         717
 i1s,i1e:         717         721
 i1s,i1e:         721         725
 i1s,i1e:         725         729
 i1s,i1e:         729         733
 i1s,i1e:         733         737
 i1s,i1e:         737         741
 i1s,i1e:         741         745
 i1s,i1e:         745         749
 i1s,i1e:         749         753
 i1s,i1e:         753         757
 i1s,i1e:         757         761
 i1s,i1e:         761         765
 i1s,i1e:         765         769
 i1s,i1e:         769         773
 i1s,i1e:         773         777
 i1s,i1e:         777         781
 i1s,i1e:         781         785
 i1s,i1e:         785         789
 i1s,i1e:         789         793
 i1s,i1e:         793         797
 i1s,i1e:         797         801
 i1s,i1e:         801         805
 i1s,i1e:         805         809
 i1s,i1e:         809         813
 i1s,i1e:         813         817
 i1s,i1e:         817         821
 i1s,i1e:         821         825
 i1s,i1e:         825         829
 i1s,i1e:         829         833
 i1s,i1e:         833         837
 i1s,i1e:         837         841
 i1s,i1e:         841         845
 i1s,i1e:         845         849
 i1s,i1e:         849         853
 i1s,i1e:         853         857
 i1s,i1e:         857         861
 i1s,i1e:         861         865
 i1s,i1e:         865         869
 i1s,i1e:         869         873
 i1s,i1e:         873         877
 i1s,i1e:         877         881
 i1s,i1e:         881         885
 i1s,i1e:         885         889
 i1s,i1e:         889         893
 i1s,i1e:         893         897
 i1s,i1e:         897         901
 i1s,i1e:         901         905
 i1s,i1e:         905         909
 i1s,i1e:         909         913
 i1s,i1e:         913         917
 i1s,i1e:         917         921
 i1s,i1e:         921         925
 i1s,i1e:         925         929
 i1s,i1e:         929         933
 i1s,i1e:         933         937
 i1s,i1e:         937         941
 i1s,i1e:         941         945
 i1s,i1e:         945         949
 i1s,i1e:         949         953
 i1s,i1e:         953         957
 i1s,i1e:         957         961
 i1s,i1e:         961         965
 i1s,i1e:         965         969
 i1s,i1e:         969         973
 i1s,i1e:         973         977
 i1s,i1e:         977         981
 i1s,i1e:         981         985
 i1s,i1e:         985         989
 i1s,i1e:         989         993
 i1s,i1e:         993         997
 i1s,i1e:         997        1001
 i1s,i1e:        1001        1005
 i1s,i1e:        1005        1009
 i1s,i1e:        1009        1013
 i1s,i1e:        1013        1017
 i1s,i1e:        1017        1021
 i1s,i1e:        1021        1025
 i1s,i1e:        1025        1029
 i1s,i1e:        1029        1033
 i1s,i1e:        1033        1037
 i1s,i1e:        1037        1041
 i1s,i1e:        1041        1045
 i1s,i1e:        1045        1049
 i1s,i1e:        1049        1053
 i1s,i1e:        1053        1057
 i1s,i1e:        1057        1061
 i1s,i1e:        1061        1065
 i1s,i1e:        1065        1069
 i1s,i1e:        1069        1073
 i1s,i1e:        1073        1077
 i1s,i1e:        1077        1081
 i1s,i1e:        1081        1085
 i1s,i1e:        1085        1089
 i1s,i1e:        1089        1093
 i1s,i1e:        1093        1097
 i1s,i1e:        1097        1101
 i1s,i1e:        1101        1105
 i1s,i1e:        1105        1109
 i1s,i1e:        1109        1113
 i1s,i1e:        1113        1117
 i1s,i1e:        1117        1121
 i1s,i1e:        1121        1125
 i1s,i1e:        1125        1129
 i1s,i1e:        1129        1133
 i1s,i1e:        1133        1137
 i1s,i1e:        1137        1141
 i1s,i1e:        1141        1145
 i1s,i1e:        1145        1149
 i1s,i1e:        1149        1153
 i1s,i1e:        1153        1157
 i1s,i1e:        1157        1161
 i1s,i1e:        1161        1165
 i1s,i1e:        1165        1169
 i1s,i1e:        1169        1173
 i1s,i1e:        1173        1177
 i1s,i1e:        1177        1181
 i1s,i1e:        1181        1185
 i1s,i1e:        1185        1189
 i1s,i1e:        1189        1193
 i1s,i1e:        1193        1197
 i1s,i1e:        1197        1201
 i1s,i1e:        1201        1205
 i1s,i1e:        1205        1209
 i1s,i1e:        1209        1213
 i1s,i1e:        1213        1217
 i1s,i1e:        1217        1221
 i1s,i1e:        1221        1225
 i1s,i1e:        1225        1229
 i1s,i1e:        1229        1233
 i1s,i1e:        1233        1237
 i1s,i1e:        1237        1241
 i1s,i1e:        1241        1245
 i1s,i1e:        1245        1249
 i1s,i1e:        1249        1253
 i1s,i1e:        1253        1257
 i1s,i1e:        1257        1261
 i1s,i1e:        1261        1265
 i1s,i1e:        1265        1269
 i1s,i1e:        1269        1273
 i1s,i1e:        1273        1277
 i1s,i1e:        1277        1281
 i1s,i1e:        1281        1285
 i1s,i1e:        1285        1289
 i1s,i1e:        1289        1293
 i1s,i1e:        1293        1297
 i1s,i1e:        1297        1301
 i1s,i1e:        1301        1305
 i1s,i1e:        1305        1309
 nout:           1
MATCHED:  D105_0515
 i2s,i2e:           3           3
 xy2:   120.30533900000000        42.000743000000000     
 input is point
 i1s,i1e:           1           5
 i1s,i1e:           5           9
 i1s,i1e:           9          13
 i1s,i1e:          13          17
 i1s,i1e:          17          21
 i1s,i1e:          21          25
 i1s,i1e:          25          29
 i1s,i1e:          29          33
 i1s,i1e:          33          37
 i1s,i1e:          37          41
 i1s,i1e:          41          45
 i1s,i1e:          45          49
 i1s,i1e:          49          53
 i1s,i1e:          53          57
 i1s,i1e:          57          61
 i1s,i1e:          61          65
 i1s,i1e:          65          69
 i1s,i1e:          69          73
 i1s,i1e:          73          77
 i1s,i1e:          77          81
 i1s,i1e:          81          85
 i1s,i1e:          85          89
 i1s,i1e:          89          93
 i1s,i1e:          93          97
 i1s,i1e:          97         101
 i1s,i1e:         101         105
 i1s,i1e:         105         109
 i1s,i1e:         109         113
 i1s,i1e:         113         117
 i1s,i1e:         117         121
 i1s,i1e:         121         125
 i1s,i1e:         125         129
 i1s,i1e:         129         133
 i1s,i1e:         133         137
 i1s,i1e:         137         141
 i1s,i1e:         141         145
 i1s,i1e:         145         149
 i1s,i1e:         149         153
 i1s,i1e:         153         157
 i1s,i1e:         157         161
 i1s,i1e:         161         165
 i1s,i1e:         165         169
 i1s,i1e:         169         173
 i1s,i1e:         173         177
 i1s,i1e:         177         181
 i1s,i1e:         181         185
 i1s,i1e:         185         189
 i1s,i1e:         189         193
 i1s,i1e:         193         197
 i1s,i1e:         197         201
 i1s,i1e:         201         205
 i1s,i1e:         205         209
 i1s,i1e:         209         213
 i1s,i1e:         213         217
 i1s,i1e:         217         221
 i1s,i1e:         221         225
 i1s,i1e:         225         229
 i1s,i1e:         229         233
 i1s,i1e:         233         237
 i1s,i1e:         237         241
 i1s,i1e:         241         245
 i1s,i1e:         245         249
 i1s,i1e:         249         253
 i1s,i1e:         253         257
 i1s,i1e:         257         261
 i1s,i1e:         261         265
 i1s,i1e:         265         269
 i1s,i1e:         269         273
 i1s,i1e:         273         277
 i1s,i1e:         277         281
 i1s,i1e:         281         285
 i1s,i1e:         285         289
 i1s,i1e:         289         293
 i1s,i1e:         293         297
 i1s,i1e:         297         301
 i1s,i1e:         301         305
 i1s,i1e:         305         309
 i1s,i1e:         309         313
 i1s,i1e:         313         317
 i1s,i1e:         317         321
 i1s,i1e:         321         325
 i1s,i1e:         325         329
 i1s,i1e:         329         333
 i1s,i1e:         333         337
 i1s,i1e:         337         341
 i1s,i1e:         341         345
 i1s,i1e:         345         349
 i1s,i1e:         349         353
 i1s,i1e:         353         357
 i1s,i1e:         357         361
 i1s,i1e:         361         365
 i1s,i1e:         365         369
 i1s,i1e:         369         373
 i1s,i1e:         373         377
 i1s,i1e:         377         381
 i1s,i1e:         381         385
 i1s,i1e:         385         389
 i1s,i1e:         389         393
 i1s,i1e:         393         397
 i1s,i1e:         397         401
 i1s,i1e:         401         405
 i1s,i1e:         405         409
 i1s,i1e:         409         413
 i1s,i1e:         413         417
 i1s,i1e:         417         421
 i1s,i1e:         421         425
 i1s,i1e:         425         429
 i1s,i1e:         429         433
 i1s,i1e:         433         437
 i1s,i1e:         437         441
 i1s,i1e:         441         445
 i1s,i1e:         445         449
 i1s,i1e:         449         453
 i1s,i1e:         453         457
 i1s,i1e:         457         461
 i1s,i1e:         461         465
 i1s,i1e:         465         469
 i1s,i1e:         469         473
 i1s,i1e:         473         477
 i1s,i1e:         477         481
 i1s,i1e:         481         485
 i1s,i1e:         485         489
 i1s,i1e:         489         493
 i1s,i1e:         493         497
 i1s,i1e:         497         501
 i1s,i1e:         501         505
 i1s,i1e:         505         509
 i1s,i1e:         509         513
 i1s,i1e:         513         517
 i1s,i1e:         517         521
 i1s,i1e:         521         525
 i1s,i1e:         525         529
 i1s,i1e:         529         533
 i1s,i1e:         533         537
 i1s,i1e:         537         541
 i1s,i1e:         541         545
 i1s,i1e:         545         549
 i1s,i1e:         549         553
 i1s,i1e:         553         557
 i1s,i1e:         557         561
 i1s,i1e:         561         565
 i1s,i1e:         565         569
 i1s,i1e:         569         573
 i1s,i1e:         573         577
 i1s,i1e:         577         581
 i1s,i1e:         581         585
 i1s,i1e:         585         589
 i1s,i1e:         589         593
 i1s,i1e:         593         597
 i1s,i1e:         597         601
 i1s,i1e:         601         605
 i1s,i1e:         605         609
 i1s,i1e:         609         613
 i1s,i1e:         613         617
 i1s,i1e:         617         621
 i1s,i1e:         621         625
 i1s,i1e:         625         629
 i1s,i1e:         629         633
 i1s,i1e:         633         637
 i1s,i1e:         637         641
 i1s,i1e:         641         645
 i1s,i1e:         645         649
 i1s,i1e:         649         653
 i1s,i1e:         653         657
 i1s,i1e:         657         661
 i1s,i1e:         661         665
 i1s,i1e:         665         669
 i1s,i1e:         669         673
 i1s,i1e:         673         677
 i1s,i1e:         677         681
 i1s,i1e:         681         685
 i1s,i1e:         685         689
 i1s,i1e:         689         693
 i1s,i1e:         693         697
 i1s,i1e:         697         701
 i1s,i1e:         701         705
 i1s,i1e:         705         709
 i1s,i1e:         709         713
 i1s,i1e:         713         717
 i1s,i1e:         717         721
 i1s,i1e:         721         725
 i1s,i1e:         725         729
 i1s,i1e:         729         733
 i1s,i1e:         733         737
 i1s,i1e:         737         741
 i1s,i1e:         741         745
 i1s,i1e:         745         749
 i1s,i1e:         749         753
 i1s,i1e:         753         757
 i1s,i1e:         757         761
 i1s,i1e:         761         765
 i1s,i1e:         765         769
 i1s,i1e:         769         773
 i1s,i1e:         773         777
 i1s,i1e:         777         781
 i1s,i1e:         781         785
 i1s,i1e:         785         789
 i1s,i1e:         789         793
 i1s,i1e:         793         797
 i1s,i1e:         797         801
 i1s,i1e:         801         805
 i1s,i1e:         805         809
 i1s,i1e:         809         813
 i1s,i1e:         813         817
 i1s,i1e:         817         821
 i1s,i1e:         821         825
 i1s,i1e:         825         829
 i1s,i1e:         829         833
 i1s,i1e:         833         837
 i1s,i1e:         837         841
 i1s,i1e:         841         845
 i1s,i1e:         845         849
 i1s,i1e:         849         853
 i1s,i1e:         853         857
 i1s,i1e:         857         861
 i1s,i1e:         861         865
 i1s,i1e:         865         869
 i1s,i1e:         869         873
 i1s,i1e:         873         877
 i1s,i1e:         877         881
 i1s,i1e:         881         885
 i1s,i1e:         885         889
 i1s,i1e:         889         893
 i1s,i1e:         893         897
 i1s,i1e:         897         901
 i1s,i1e:         901         905
 i1s,i1e:         905         909
 i1s,i1e:         909         913
 i1s,i1e:         913         917
 i1s,i1e:         917         921
 i1s,i1e:         921         925
 i1s,i1e:         925         929
 i1s,i1e:         929         933
 i1s,i1e:         933         937
 i1s,i1e:         937         941
 i1s,i1e:         941         945
 i1s,i1e:         945         949
 i1s,i1e:         949         953
 i1s,i1e:         953         957
 i1s,i1e:         957         961
 i1s,i1e:         961         965
 i1s,i1e:         965         969
 i1s,i1e:         969         973
 i1s,i1e:         973         977
 i1s,i1e:         977         981
 i1s,i1e:         981         985
 i1s,i1e:         985         989
 i1s,i1e:         989         993
 i1s,i1e:         993         997
 i1s,i1e:         997        1001
 i1s,i1e:        1001        1005
 i1s,i1e:        1005        1009
 i1s,i1e:        1009        1013
 i1s,i1e:        1013        1017
 i1s,i1e:        1017        1021
 i1s,i1e:        1021        1025
 i1s,i1e:        1025        1029
 i1s,i1e:        1029        1033
 i1s,i1e:        1033        1037
 i1s,i1e:        1037        1041
 i1s,i1e:        1041        1045
 i1s,i1e:        1045        1049
 i1s,i1e:        1049        1053
 i1s,i1e:        1053        1057
 i1s,i1e:        1057        1061
 i1s,i1e:        1061        1065
 i1s,i1e:        1065        1069
 i1s,i1e:        1069        1073
 i1s,i1e:        1073        1077
 i1s,i1e:        1077        1081
 i1s,i1e:        1081        1085
 i1s,i1e:        1085        1089
 i1s,i1e:        1089        1093
 i1s,i1e:        1093        1097
 i1s,i1e:        1097        1101
 i1s,i1e:        1101        1105
 i1s,i1e:        1105        1109
 i1s,i1e:        1109        1113
 i1s,i1e:        1113        1117
 i1s,i1e:        1117        1121
 i1s,i1e:        1121        1125
 i1s,i1e:        1125        1129
 i1s,i1e:        1129        1133
 i1s,i1e:        1133        1137
 i1s,i1e:        1137        1141
 i1s,i1e:        1141        1145
 i1s,i1e:        1145        1149
 i1s,i1e:        1149        1153
 i1s,i1e:        1153        1157
 i1s,i1e:        1157        1161
 i1s,i1e:        1161        1165
 i1s,i1e:        1165        1169
 i1s,i1e:        1169        1173
 i1s,i1e:        1173        1177
 i1s,i1e:        1177        1181
 i1s,i1e:        1181        1185
 i1s,i1e:        1185        1189
 i1s,i1e:        1189        1193
 i1s,i1e:        1193        1197
 i1s,i1e:        1197        1201
 i1s,i1e:        1201        1205
 i1s,i1e:        1205        1209
 i1s,i1e:        1209        1213
 i1s,i1e:        1213        1217
 i1s,i1e:        1217        1221
 i1s,i1e:        1221        1225
 i1s,i1e:        1225        1229
 i1s,i1e:        1229        1233
 i1s,i1e:        1233        1237
 i1s,i1e:        1237        1241
 i1s,i1e:        1241        1245
 i1s,i1e:        1245        1249
 i1s,i1e:        1249        1253
 i1s,i1e:        1253        1257
 i1s,i1e:        1257        1261
 i1s,i1e:        1261        1265
 i1s,i1e:        1265        1269
 i1s,i1e:        1269        1273
 i1s,i1e:        1273        1277
 i1s,i1e:        1277        1281
 i1s,i1e:        1281        1285
 i1s,i1e:        1285        1289
 i1s,i1e:        1289        1293
 i1s,i1e:        1293        1297
 i1s,i1e:        1297        1301
 i1s,i1e:        1301        1305
 i1s,i1e:        1305        1309
 nout:           1
MATCHED:  D076_0453
 i2s,i2e:           4           4
 xy2:   120.40829400000000        42.091952999999997     
 input is point
 i1s,i1e:           1           5
 i1s,i1e:           5           9
 i1s,i1e:           9          13
 i1s,i1e:          13          17
 i1s,i1e:          17          21
 i1s,i1e:          21          25
 i1s,i1e:          25          29
 i1s,i1e:          29          33
 i1s,i1e:          33          37
 i1s,i1e:          37          41
 i1s,i1e:          41          45
 i1s,i1e:          45          49
 i1s,i1e:          49          53
 i1s,i1e:          53          57
 i1s,i1e:          57          61
 i1s,i1e:          61          65
 i1s,i1e:          65          69
 i1s,i1e:          69          73
 i1s,i1e:          73          77
 i1s,i1e:          77          81
 i1s,i1e:          81          85
 i1s,i1e:          85          89
 i1s,i1e:          89          93
 i1s,i1e:          93          97
 i1s,i1e:          97         101
 i1s,i1e:         101         105
 i1s,i1e:         105         109
 i1s,i1e:         109         113
 i1s,i1e:         113         117
 i1s,i1e:         117         121
 i1s,i1e:         121         125
 i1s,i1e:         125         129
 i1s,i1e:         129         133
 i1s,i1e:         133         137
 i1s,i1e:         137         141
 i1s,i1e:         141         145
 i1s,i1e:         145         149
 i1s,i1e:         149         153
 i1s,i1e:         153         157
 i1s,i1e:         157         161
 i1s,i1e:         161         165
 i1s,i1e:         165         169
 i1s,i1e:         169         173
 i1s,i1e:         173         177
 i1s,i1e:         177         181
 i1s,i1e:         181         185
 i1s,i1e:         185         189
 i1s,i1e:         189         193
 i1s,i1e:         193         197
 i1s,i1e:         197         201
 i1s,i1e:         201         205
 i1s,i1e:         205         209
 i1s,i1e:         209         213
 i1s,i1e:         213         217
 i1s,i1e:         217         221
 i1s,i1e:         221         225
 i1s,i1e:         225         229
 i1s,i1e:         229         233
 i1s,i1e:         233         237
 i1s,i1e:         237         241
 i1s,i1e:         241         245
 i1s,i1e:         245         249
 i1s,i1e:         249         253
 i1s,i1e:         253         257
 i1s,i1e:         257         261
 i1s,i1e:         261         265
 i1s,i1e:         265         269
 i1s,i1e:         269         273
 i1s,i1e:         273         277
 i1s,i1e:         277         281
 i1s,i1e:         281         285
 i1s,i1e:         285         289
 i1s,i1e:         289         293
 i1s,i1e:         293         297
 i1s,i1e:         297         301
 i1s,i1e:         301         305
 i1s,i1e:         305         309
 i1s,i1e:         309         313
 i1s,i1e:         313         317
 i1s,i1e:         317         321
 i1s,i1e:         321         325
 i1s,i1e:         325         329
 i1s,i1e:         329         333
 i1s,i1e:         333         337
 i1s,i1e:         337         341
 i1s,i1e:         341         345
 i1s,i1e:         345         349
 i1s,i1e:         349         353
 i1s,i1e:         353         357
 i1s,i1e:         357         361
 i1s,i1e:         361         365
 i1s,i1e:         365         369
 i1s,i1e:         369         373
 i1s,i1e:         373         377
 i1s,i1e:         377         381
 i1s,i1e:         381         385
 i1s,i1e:         385         389
 i1s,i1e:         389         393
 i1s,i1e:         393         397
 i1s,i1e:         397         401
 i1s,i1e:         401         405
 i1s,i1e:         405         409
 i1s,i1e:         409         413
 i1s,i1e:         413         417
 i1s,i1e:         417         421
 i1s,i1e:         421         425
 i1s,i1e:         425         429
 i1s,i1e:         429         433
 i1s,i1e:         433         437
 i1s,i1e:         437         441
 i1s,i1e:         441         445
 i1s,i1e:         445         449
 i1s,i1e:         449         453
 i1s,i1e:         453         457
 i1s,i1e:         457         461
 i1s,i1e:         461         465
 i1s,i1e:         465         469
 i1s,i1e:         469         473
 i1s,i1e:         473         477
 i1s,i1e:         477         481
 i1s,i1e:         481         485
 i1s,i1e:         485         489
 i1s,i1e:         489         493
 i1s,i1e:         493         497
 i1s,i1e:         497         501
 i1s,i1e:         501         505
 i1s,i1e:         505         509
 i1s,i1e:         509         513
 i1s,i1e:         513         517
 i1s,i1e:         517         521
 i1s,i1e:         521         525
 i1s,i1e:         525         529
 i1s,i1e:         529         533
 i1s,i1e:         533         537
 i1s,i1e:         537         541
 i1s,i1e:         541         545
 i1s,i1e:         545         549
 i1s,i1e:         549         553
 i1s,i1e:         553         557
 i1s,i1e:         557         561
 i1s,i1e:         561         565
 i1s,i1e:         565         569
 i1s,i1e:         569         573
 i1s,i1e:         573         577
 i1s,i1e:         577         581
 i1s,i1e:         581         585
 i1s,i1e:         585         589
 i1s,i1e:         589         593
 i1s,i1e:         593         597
 i1s,i1e:         597         601
 i1s,i1e:         601         605
 i1s,i1e:         605         609
 i1s,i1e:         609         613
 i1s,i1e:         613         617
 i1s,i1e:         617         621
 i1s,i1e:         621         625
 i1s,i1e:         625         629
 i1s,i1e:         629         633
 i1s,i1e:         633         637
 i1s,i1e:         637         641
 i1s,i1e:         641         645
 i1s,i1e:         645         649
 i1s,i1e:         649         653
 i1s,i1e:         653         657
 i1s,i1e:         657         661
 i1s,i1e:         661         665
 i1s,i1e:         665         669
 i1s,i1e:         669         673
 i1s,i1e:         673         677
 i1s,i1e:         677         681
 i1s,i1e:         681         685
 i1s,i1e:         685         689
 i1s,i1e:         689         693
 i1s,i1e:         693         697
 i1s,i1e:         697         701
 i1s,i1e:         701         705
 i1s,i1e:         705         709
 i1s,i1e:         709         713
 i1s,i1e:         713         717
 i1s,i1e:         717         721
 i1s,i1e:         721         725
 i1s,i1e:         725         729
 i1s,i1e:         729         733
 i1s,i1e:         733         737
 i1s,i1e:         737         741
 i1s,i1e:         741         745
 i1s,i1e:         745         749
 i1s,i1e:         749         753
 i1s,i1e:         753         757
 i1s,i1e:         757         761
 i1s,i1e:         761         765
 i1s,i1e:         765         769
 i1s,i1e:         769         773
 i1s,i1e:         773         777
 i1s,i1e:         777         781
 i1s,i1e:         781         785
 i1s,i1e:         785         789
 i1s,i1e:         789         793
 i1s,i1e:         793         797
 i1s,i1e:         797         801
 i1s,i1e:         801         805
 i1s,i1e:         805         809
 i1s,i1e:         809         813
 i1s,i1e:         813         817
 i1s,i1e:         817         821
 i1s,i1e:         821         825
 i1s,i1e:         825         829
 i1s,i1e:         829         833
 i1s,i1e:         833         837
 i1s,i1e:         837         841
 i1s,i1e:         841         845
 i1s,i1e:         845         849
 i1s,i1e:         849         853
 i1s,i1e:         853         857
 i1s,i1e:         857         861
 i1s,i1e:         861         865
 i1s,i1e:         865         869
 i1s,i1e:         869         873
 i1s,i1e:         873         877
 i1s,i1e:         877         881
 i1s,i1e:         881         885
 i1s,i1e:         885         889
 i1s,i1e:         889         893
 i1s,i1e:         893         897
 i1s,i1e:         897         901
 i1s,i1e:         901         905
 i1s,i1e:         905         909
 i1s,i1e:         909         913
 i1s,i1e:         913         917
 i1s,i1e:         917         921
 i1s,i1e:         921         925
 i1s,i1e:         925         929
 i1s,i1e:         929         933
 i1s,i1e:         933         937
 i1s,i1e:         937         941
 i1s,i1e:         941         945
 i1s,i1e:         945         949
 i1s,i1e:         949         953
 i1s,i1e:         953         957
 i1s,i1e:         957         961
 i1s,i1e:         961         965
 i1s,i1e:         965         969
 i1s,i1e:         969         973
 i1s,i1e:         973         977
 i1s,i1e:         977         981
 i1s,i1e:         981         985
 i1s,i1e:         985         989
 i1s,i1e:         989         993
 i1s,i1e:         993         997
 i1s,i1e:         997        1001
 i1s,i1e:        1001        1005
 i1s,i1e:        1005        1009
 i1s,i1e:        1009        1013
 i1s,i1e:        1013        1017
 i1s,i1e:        1017        1021
 i1s,i1e:        1021        1025
 i1s,i1e:        1025        1029
 i1s,i1e:        1029        1033
 i1s,i1e:        1033        1037
 i1s,i1e:        1037        1041
 i1s,i1e:        1041        1045
 i1s,i1e:        1045        1049
 i1s,i1e:        1049        1053
 i1s,i1e:        1053        1057
 i1s,i1e:        1057        1061
 i1s,i1e:        1061        1065
 i1s,i1e:        1065        1069
 i1s,i1e:        1069        1073
 i1s,i1e:        1073        1077
 i1s,i1e:        1077        1081
 i1s,i1e:        1081        1085
 i1s,i1e:        1085        1089
 i1s,i1e:        1089        1093
 i1s,i1e:        1093        1097
 i1s,i1e:        1097        1101
 i1s,i1e:        1101        1105
 i1s,i1e:        1105        1109
 i1s,i1e:        1109        1113
 i1s,i1e:        1113        1117
 i1s,i1e:        1117        1121
 i1s,i1e:        1121        1125
 i1s,i1e:        1125        1129
 i1s,i1e:        1129        1133
 i1s,i1e:        1133        1137
 i1s,i1e:        1137        1141
 i1s,i1e:        1141        1145
 i1s,i1e:        1145        1149
 i1s,i1e:        1149        1153
 i1s,i1e:        1153        1157
 i1s,i1e:        1157        1161
 i1s,i1e:        1161        1165
 i1s,i1e:        1165        1169
 i1s,i1e:        1169        1173
 i1s,i1e:        1173        1177
 i1s,i1e:        1177        1181
 i1s,i1e:        1181        1185
 i1s,i1e:        1185        1189
 i1s,i1e:        1189        1193
 i1s,i1e:        1193        1197
 i1s,i1e:        1197        1201
 i1s,i1e:        1201        1205
 i1s,i1e:        1205        1209
 i1s,i1e:        1209        1213
 i1s,i1e:        1213        1217
 i1s,i1e:        1217        1221
 i1s,i1e:        1221        1225
 i1s,i1e:        1225        1229
 i1s,i1e:        1229        1233
 i1s,i1e:        1233        1237
 i1s,i1e:        1237        1241
 i1s,i1e:        1241        1245
 i1s,i1e:        1245        1249
 i1s,i1e:        1249        1253
 i1s,i1e:        1253        1257
 i1s,i1e:        1257        1261
 i1s,i1e:        1261        1265
 i1s,i1e:        1265        1269
 i1s,i1e:        1269        1273
 i1s,i1e:        1273        1277
 i1s,i1e:        1277        1281
 i1s,i1e:        1281        1285
 i1s,i1e:        1285        1289
 i1s,i1e:        1289        1293
 i1s,i1e:        1293        1297
 i1s,i1e:        1297        1301
 i1s,i1e:        1301        1305
 i1s,i1e:        1305        1309
 nout:           1
MATCHED:  D076_0453
 i2s,i2e:           5           5
 xy2:   120.41717600000000        42.040224000000002     
 input is point
 i1s,i1e:           1           5
 i1s,i1e:           5           9
 i1s,i1e:           9          13
 i1s,i1e:          13          17
 i1s,i1e:          17          21
 i1s,i1e:          21          25
 i1s,i1e:          25          29
 i1s,i1e:          29          33
 i1s,i1e:          33          37
 i1s,i1e:          37          41
 i1s,i1e:          41          45
 i1s,i1e:          45          49
 i1s,i1e:          49          53
 i1s,i1e:          53          57
 i1s,i1e:          57          61
 i1s,i1e:          61          65
 i1s,i1e:          65          69
 i1s,i1e:          69          73
 i1s,i1e:          73          77
 i1s,i1e:          77          81
 i1s,i1e:          81          85
 i1s,i1e:          85          89
 i1s,i1e:          89          93
 i1s,i1e:          93          97
 i1s,i1e:          97         101
 i1s,i1e:         101         105
 i1s,i1e:         105         109
 i1s,i1e:         109         113
 i1s,i1e:         113         117
 i1s,i1e:         117         121
 i1s,i1e:         121         125
 i1s,i1e:         125         129
 i1s,i1e:         129         133
 i1s,i1e:         133         137
 i1s,i1e:         137         141
 i1s,i1e:         141         145
 i1s,i1e:         145         149
 i1s,i1e:         149         153
 i1s,i1e:         153         157
 i1s,i1e:         157         161
 i1s,i1e:         161         165
 i1s,i1e:         165         169
 i1s,i1e:         169         173
 i1s,i1e:         173         177
 i1s,i1e:         177         181
 i1s,i1e:         181         185
 i1s,i1e:         185         189
 i1s,i1e:         189         193
 i1s,i1e:         193         197
 i1s,i1e:         197         201
 i1s,i1e:         201         205
 i1s,i1e:         205         209
 i1s,i1e:         209         213
 i1s,i1e:         213         217
 i1s,i1e:         217         221
 i1s,i1e:         221         225
 i1s,i1e:         225         229
 i1s,i1e:         229         233
 i1s,i1e:         233         237
 i1s,i1e:         237         241
 i1s,i1e:         241         245
 i1s,i1e:         245         249
 i1s,i1e:         249         253
 i1s,i1e:         253         257
 i1s,i1e:         257         261
 i1s,i1e:         261         265
 i1s,i1e:         265         269
 i1s,i1e:         269         273
 i1s,i1e:         273         277
 i1s,i1e:         277         281
 i1s,i1e:         281         285
 i1s,i1e:         285         289
 i1s,i1e:         289         293
 i1s,i1e:         293         297
 i1s,i1e:         297         301
 i1s,i1e:         301         305
 i1s,i1e:         305         309
 i1s,i1e:         309         313
 i1s,i1e:         313         317
 i1s,i1e:         317         321
 i1s,i1e:         321         325
 i1s,i1e:         325         329
 i1s,i1e:         329         333
 i1s,i1e:         333         337
 i1s,i1e:         337         341
 i1s,i1e:         341         345
 i1s,i1e:         345         349
 i1s,i1e:         349         353
 i1s,i1e:         353         357
 i1s,i1e:         357         361
 i1s,i1e:         361         365
 i1s,i1e:         365         369
 i1s,i1e:         369         373
 i1s,i1e:         373         377
 i1s,i1e:         377         381
 i1s,i1e:         381         385
 i1s,i1e:         385         389
 i1s,i1e:         389         393
 i1s,i1e:         393         397
 i1s,i1e:         397         401
 i1s,i1e:         401         405
 i1s,i1e:         405         409
 i1s,i1e:         409         413
 i1s,i1e:         413         417
 i1s,i1e:         417         421
 i1s,i1e:         421         425
 i1s,i1e:         425         429
 i1s,i1e:         429         433
 i1s,i1e:         433         437
 i1s,i1e:         437         441
 i1s,i1e:         441         445
 i1s,i1e:         445         449
 i1s,i1e:         449         453
 i1s,i1e:         453         457
 i1s,i1e:         457         461
 i1s,i1e:         461         465
 i1s,i1e:         465         469
 i1s,i1e:         469         473
 i1s,i1e:         473         477
 i1s,i1e:         477         481
 i1s,i1e:         481         485
 i1s,i1e:         485         489
 i1s,i1e:         489         493
 i1s,i1e:         493         497
 i1s,i1e:         497         501
 i1s,i1e:         501         505
 i1s,i1e:         505         509
 i1s,i1e:         509         513
 i1s,i1e:         513         517
 i1s,i1e:         517         521
 i1s,i1e:         521         525
 i1s,i1e:         525         529
 i1s,i1e:         529         533
 i1s,i1e:         533         537
 i1s,i1e:         537         541
 i1s,i1e:         541         545
 i1s,i1e:         545         549
 i1s,i1e:         549         553
 i1s,i1e:         553         557
 i1s,i1e:         557         561
 i1s,i1e:         561         565
 i1s,i1e:         565         569
 i1s,i1e:         569         573
 i1s,i1e:         573         577
 i1s,i1e:         577         581
 i1s,i1e:         581         585
 i1s,i1e:         585         589
 i1s,i1e:         589         593
 i1s,i1e:         593         597
 i1s,i1e:         597         601
 i1s,i1e:         601         605
 i1s,i1e:         605         609
 i1s,i1e:         609         613
 i1s,i1e:         613         617
 i1s,i1e:         617         621
 i1s,i1e:         621         625
 i1s,i1e:         625         629
 i1s,i1e:         629         633
 i1s,i1e:         633         637
 i1s,i1e:         637         641
 i1s,i1e:         641         645
 i1s,i1e:         645         649
 i1s,i1e:         649         653
 i1s,i1e:         653         657
 i1s,i1e:         657         661
 i1s,i1e:         661         665
 i1s,i1e:         665         669
 i1s,i1e:         669         673
 i1s,i1e:         673         677
 i1s,i1e:         677         681
 i1s,i1e:         681         685
 i1s,i1e:         685         689
 i1s,i1e:         689         693
 i1s,i1e:         693         697
 i1s,i1e:         697         701
 i1s,i1e:         701         705
 i1s,i1e:         705         709
 i1s,i1e:         709         713
 i1s,i1e:         713         717
 i1s,i1e:         717         721
 i1s,i1e:         721         725
 i1s,i1e:         725         729
 i1s,i1e:         729         733
 i1s,i1e:         733         737
 i1s,i1e:         737         741
 i1s,i1e:         741         745
 i1s,i1e:         745         749
 i1s,i1e:         749         753
 i1s,i1e:         753         757
 i1s,i1e:         757         761
 i1s,i1e:         761         765
 i1s,i1e:         765         769
 i1s,i1e:         769         773
 i1s,i1e:         773         777
 i1s,i1e:         777         781
 i1s,i1e:         781         785
 i1s,i1e:         785         789
 i1s,i1e:         789         793
 i1s,i1e:         793         797
 i1s,i1e:         797         801
 i1s,i1e:         801         805
 i1s,i1e:         805         809
 i1s,i1e:         809         813
 i1s,i1e:         813         817
 i1s,i1e:         817         821
 i1s,i1e:         821         825
 i1s,i1e:         825         829
 i1s,i1e:         829         833
 i1s,i1e:         833         837
 i1s,i1e:         837         841
 i1s,i1e:         841         845
 i1s,i1e:         845         849
 i1s,i1e:         849         853
 i1s,i1e:         853         857
 i1s,i1e:         857         861
 i1s,i1e:         861         865
 i1s,i1e:         865         869
 i1s,i1e:         869         873
 i1s,i1e:         873         877
 i1s,i1e:         877         881
 i1s,i1e:         881         885
 i1s,i1e:         885         889
 i1s,i1e:         889         893
 i1s,i1e:         893         897
 i1s,i1e:         897         901
 i1s,i1e:         901         905
 i1s,i1e:         905         909
 i1s,i1e:         909         913
 i1s,i1e:         913         917
 i1s,i1e:         917         921
 i1s,i1e:         921         925
 i1s,i1e:         925         929
 i1s,i1e:         929         933
 i1s,i1e:         933         937
 i1s,i1e:         937         941
 i1s,i1e:         941         945
 i1s,i1e:         945         949
 i1s,i1e:         949         953
 i1s,i1e:         953         957
 i1s,i1e:         957         961
 i1s,i1e:         961         965
 i1s,i1e:         965         969
 i1s,i1e:         969         973
 i1s,i1e:         973         977
 i1s,i1e:         977         981
 i1s,i1e:         981         985
 i1s,i1e:         985         989
 i1s,i1e:         989         993
 i1s,i1e:         993         997
 i1s,i1e:         997        1001
 i1s,i1e:        1001        1005
 i1s,i1e:        1005        1009
 i1s,i1e:        1009        1013
 i1s,i1e:        1013        1017
 i1s,i1e:        1017        1021
 i1s,i1e:        1021        1025
 i1s,i1e:        1025        1029
 i1s,i1e:        1029        1033
 i1s,i1e:        1033        1037
 i1s,i1e:        1037        1041
 i1s,i1e:        1041        1045
 i1s,i1e:        1045        1049
 i1s,i1e:        1049        1053
 i1s,i1e:        1053        1057
 i1s,i1e:        1057        1061
 i1s,i1e:        1061        1065
 i1s,i1e:        1065        1069
 i1s,i1e:        1069        1073
 i1s,i1e:        1073        1077
 i1s,i1e:        1077        1081
 i1s,i1e:        1081        1085
 i1s,i1e:        1085        1089
 i1s,i1e:        1089        1093
 i1s,i1e:        1093        1097
 i1s,i1e:        1097        1101
 i1s,i1e:        1101        1105
 i1s,i1e:        1105        1109
 i1s,i1e:        1109        1113
 i1s,i1e:        1113        1117
 i1s,i1e:        1117        1121
 i1s,i1e:        1121        1125
 i1s,i1e:        1125        1129
 i1s,i1e:        1129        1133
 i1s,i1e:        1133        1137
 i1s,i1e:        1137        1141
 i1s,i1e:        1141        1145
 i1s,i1e:        1145        1149
 i1s,i1e:        1149        1153
 i1s,i1e:        1153        1157
 i1s,i1e:        1157        1161
 i1s,i1e:        1161        1165
 i1s,i1e:        1165        1169
 i1s,i1e:        1169        1173
 i1s,i1e:        1173        1177
 i1s,i1e:        1177        1181
 i1s,i1e:        1181        1185
 i1s,i1e:        1185        1189
 i1s,i1e:        1189        1193
 i1s,i1e:        1193        1197
 i1s,i1e:        1197        1201
 i1s,i1e:        1201        1205
 i1s,i1e:        1205        1209
 i1s,i1e:        1209        1213
 i1s,i1e:        1213        1217
 i1s,i1e:        1217        1221
 i1s,i1e:        1221        1225
 i1s,i1e:        1225        1229
 i1s,i1e:        1229        1233
 i1s,i1e:        1233        1237
 i1s,i1e:        1237        1241
 i1s,i1e:        1241        1245
 i1s,i1e:        1245        1249
 i1s,i1e:        1249        1253
 i1s,i1e:        1253        1257
 i1s,i1e:        1257        1261
 i1s,i1e:        1261        1265
 i1s,i1e:        1265        1269
 i1s,i1e:        1269        1273
 i1s,i1e:        1273        1277
 i1s,i1e:        1277        1281
 i1s,i1e:        1281        1285
 i1s,i1e:        1285        1289
 i1s,i1e:        1289        1293
 i1s,i1e:        1293        1297
 i1s,i1e:        1297        1301
 i1s,i1e:        1301        1305
 i1s,i1e:        1305        1309
 nout:           1
MATCHED:  D076_0453
 i2s,i2e:           6           6
 xy2:   120.42594400000000        42.041603000000002     
 input is point
 i1s,i1e:           1           5
 i1s,i1e:           5           9
 i1s,i1e:           9          13
 i1s,i1e:          13          17
 i1s,i1e:          17          21
 i1s,i1e:          21          25
 i1s,i1e:          25          29
 i1s,i1e:          29          33
 i1s,i1e:          33          37
 i1s,i1e:          37          41
 i1s,i1e:          41          45
 i1s,i1e:          45          49
 i1s,i1e:          49          53
 i1s,i1e:          53          57
 i1s,i1e:          57          61
 i1s,i1e:          61          65
 i1s,i1e:          65          69
 i1s,i1e:          69          73
 i1s,i1e:          73          77
 i1s,i1e:          77          81
 i1s,i1e:          81          85
 i1s,i1e:          85          89
 i1s,i1e:          89          93
 i1s,i1e:          93          97
 i1s,i1e:          97         101
 i1s,i1e:         101         105
 i1s,i1e:         105         109
 i1s,i1e:         109         113
 i1s,i1e:         113         117
 i1s,i1e:         117         121
 i1s,i1e:         121         125
 i1s,i1e:         125         129
 i1s,i1e:         129         133
 i1s,i1e:         133         137
 i1s,i1e:         137         141
 i1s,i1e:         141         145
 i1s,i1e:         145         149
 i1s,i1e:         149         153
 i1s,i1e:         153         157
 i1s,i1e:         157         161
 i1s,i1e:         161         165
 i1s,i1e:         165         169
 i1s,i1e:         169         173
 i1s,i1e:         173         177
 i1s,i1e:         177         181
 i1s,i1e:         181         185
 i1s,i1e:         185         189
 i1s,i1e:         189         193
 i1s,i1e:         193         197
 i1s,i1e:         197         201
 i1s,i1e:         201         205
 i1s,i1e:         205         209
 i1s,i1e:         209         213
 i1s,i1e:         213         217
 i1s,i1e:         217         221
 i1s,i1e:         221         225
 i1s,i1e:         225         229
 i1s,i1e:         229         233
 i1s,i1e:         233         237
 i1s,i1e:         237         241
 i1s,i1e:         241         245
 i1s,i1e:         245         249
 i1s,i1e:         249         253
 i1s,i1e:         253         257
 i1s,i1e:         257         261
 i1s,i1e:         261         265
 i1s,i1e:         265         269
 i1s,i1e:         269         273
 i1s,i1e:         273         277
 i1s,i1e:         277         281
 i1s,i1e:         281         285
 i1s,i1e:         285         289
 i1s,i1e:         289         293
 i1s,i1e:         293         297
 i1s,i1e:         297         301
 i1s,i1e:         301         305
 i1s,i1e:         305         309
 i1s,i1e:         309         313
 i1s,i1e:         313         317
 i1s,i1e:         317         321
 i1s,i1e:         321         325
 i1s,i1e:         325         329
 i1s,i1e:         329         333
 i1s,i1e:         333         337
 i1s,i1e:         337         341
 i1s,i1e:         341         345
 i1s,i1e:         345         349
 i1s,i1e:         349         353
 i1s,i1e:         353         357
 i1s,i1e:         357         361
 i1s,i1e:         361         365
 i1s,i1e:         365         369
 i1s,i1e:         369         373
 i1s,i1e:         373         377
 i1s,i1e:         377         381
 i1s,i1e:         381         385
 i1s,i1e:         385         389
 i1s,i1e:         389         393
 i1s,i1e:         393         397
 i1s,i1e:         397         401
 i1s,i1e:         401         405
 i1s,i1e:         405         409
 i1s,i1e:         409         413
 i1s,i1e:         413         417
 i1s,i1e:         417         421
 i1s,i1e:         421         425
 i1s,i1e:         425         429
 i1s,i1e:         429         433
 i1s,i1e:         433         437
 i1s,i1e:         437         441
 i1s,i1e:         441         445
 i1s,i1e:         445         449
 i1s,i1e:         449         453
 i1s,i1e:         453         457
 i1s,i1e:         457         461
 i1s,i1e:         461         465
 i1s,i1e:         465         469
 i1s,i1e:         469         473
 i1s,i1e:         473         477
 i1s,i1e:         477         481
 i1s,i1e:         481         485
 i1s,i1e:         485         489
 i1s,i1e:         489         493
 i1s,i1e:         493         497
 i1s,i1e:         497         501
 i1s,i1e:         501         505
 i1s,i1e:         505         509
 i1s,i1e:         509         513
 i1s,i1e:         513         517
 i1s,i1e:         517         521
 i1s,i1e:         521         525
 i1s,i1e:         525         529
 i1s,i1e:         529         533
 i1s,i1e:         533         537
 i1s,i1e:         537         541
 i1s,i1e:         541         545
 i1s,i1e:         545         549
 i1s,i1e:         549         553
 i1s,i1e:         553         557
 i1s,i1e:         557         561
 i1s,i1e:         561         565
 i1s,i1e:         565         569
 i1s,i1e:         569         573
 i1s,i1e:         573         577
 i1s,i1e:         577         581
 i1s,i1e:         581         585
 i1s,i1e:         585         589
 i1s,i1e:         589         593
 i1s,i1e:         593         597
 i1s,i1e:         597         601
 i1s,i1e:         601         605
 i1s,i1e:         605         609
 i1s,i1e:         609         613
 i1s,i1e:         613         617
 i1s,i1e:         617         621
 i1s,i1e:         621         625
 i1s,i1e:         625         629
 i1s,i1e:         629         633
 i1s,i1e:         633         637
 i1s,i1e:         637         641
 i1s,i1e:         641         645
 i1s,i1e:         645         649
 i1s,i1e:         649         653
 i1s,i1e:         653         657
 i1s,i1e:         657         661
 i1s,i1e:         661         665
 i1s,i1e:         665         669
 i1s,i1e:         669         673
 i1s,i1e:         673         677
 i1s,i1e:         677         681
 i1s,i1e:         681         685
 i1s,i1e:         685         689
 i1s,i1e:         689         693
 i1s,i1e:         693         697
 i1s,i1e:         697         701
 i1s,i1e:         701         705
 i1s,i1e:         705         709
 i1s,i1e:         709         713
 i1s,i1e:         713         717
 i1s,i1e:         717         721
 i1s,i1e:         721         725
 i1s,i1e:         725         729
 i1s,i1e:         729         733
 i1s,i1e:         733         737
 i1s,i1e:         737         741
 i1s,i1e:         741         745
 i1s,i1e:         745         749
 i1s,i1e:         749         753
 i1s,i1e:         753         757
 i1s,i1e:         757         761
 i1s,i1e:         761         765
 i1s,i1e:         765         769
 i1s,i1e:         769         773
 i1s,i1e:         773         777
 i1s,i1e:         777         781
 i1s,i1e:         781         785
 i1s,i1e:         785         789
 i1s,i1e:         789         793
 i1s,i1e:         793         797
 i1s,i1e:         797         801
 i1s,i1e:         801         805
 i1s,i1e:         805         809
 i1s,i1e:         809         813
 i1s,i1e:         813         817
 i1s,i1e:         817         821
 i1s,i1e:         821         825
 i1s,i1e:         825         829
 i1s,i1e:         829         833
 i1s,i1e:         833         837
 i1s,i1e:         837         841
 i1s,i1e:         841         845
 i1s,i1e:         845         849
 i1s,i1e:         849         853
 i1s,i1e:         853         857
 i1s,i1e:         857         861
 i1s,i1e:         861         865
 i1s,i1e:         865         869
 i1s,i1e:         869         873
 i1s,i1e:         873         877
 i1s,i1e:         877         881
 i1s,i1e:         881         885
 i1s,i1e:         885         889
 i1s,i1e:         889         893
 i1s,i1e:         893         897
 i1s,i1e:         897         901
 i1s,i1e:         901         905
 i1s,i1e:         905         909
 i1s,i1e:         909         913
 i1s,i1e:         913         917
 i1s,i1e:         917         921
 i1s,i1e:         921         925
 i1s,i1e:         925         929
 i1s,i1e:         929         933
 i1s,i1e:         933         937
 i1s,i1e:         937         941
 i1s,i1e:         941         945
 i1s,i1e:         945         949
 i1s,i1e:         949         953
 i1s,i1e:         953         957
 i1s,i1e:         957         961
 i1s,i1e:         961         965
 i1s,i1e:         965         969
 i1s,i1e:         969         973
 i1s,i1e:         973         977
 i1s,i1e:         977         981
 i1s,i1e:         981         985
 i1s,i1e:         985         989
 i1s,i1e:         989         993
 i1s,i1e:         993         997
 i1s,i1e:         997        1001
 i1s,i1e:        1001        1005
 i1s,i1e:        1005        1009
 i1s,i1e:        1009        1013
 i1s,i1e:        1013        1017
 i1s,i1e:        1017        1021
 i1s,i1e:        1021        1025
 i1s,i1e:        1025        1029
 i1s,i1e:        1029        1033
 i1s,i1e:        1033        1037
 i1s,i1e:        1037        1041
 i1s,i1e:        1041        1045
 i1s,i1e:        1045        1049
 i1s,i1e:        1049        1053
 i1s,i1e:        1053        1057
 i1s,i1e:        1057        1061
 i1s,i1e:        1061        1065
 i1s,i1e:        1065        1069
 i1s,i1e:        1069        1073
 i1s,i1e:        1073        1077
 i1s,i1e:        1077        1081
 i1s,i1e:        1081        1085
 i1s,i1e:        1085        1089
 i1s,i1e:        1089        1093
 i1s,i1e:        1093        1097
 i1s,i1e:        1097        1101
 i1s,i1e:        1101        1105
 i1s,i1e:        1105        1109
 i1s,i1e:        1109        1113
 i1s,i1e:        1113        1117
 i1s,i1e:        1117        1121
 i1s,i1e:        1121        1125
 i1s,i1e:        1125        1129
 i1s,i1e:        1129        1133
 i1s,i1e:        1133        1137
 i1s,i1e:        1137        1141
 i1s,i1e:        1141        1145
 i1s,i1e:        1145        1149
 i1s,i1e:        1149        1153
 i1s,i1e:        1153        1157
 i1s,i1e:        1157        1161
 i1s,i1e:        1161        1165
 i1s,i1e:        1165        1169
 i1s,i1e:        1169        1173
 i1s,i1e:        1173        1177
 i1s,i1e:        1177        1181
 i1s,i1e:        1181        1185
 i1s,i1e:        1185        1189
 i1s,i1e:        1189        1193
 i1s,i1e:        1193        1197
 i1s,i1e:        1197        1201
 i1s,i1e:        1201        1205
 i1s,i1e:        1205        1209
 i1s,i1e:        1209        1213
 i1s,i1e:        1213        1217
 i1s,i1e:        1217        1221
 i1s,i1e:        1221        1225
 i1s,i1e:        1225        1229
 i1s,i1e:        1229        1233
 i1s,i1e:        1233        1237
 i1s,i1e:        1237        1241
 i1s,i1e:        1241        1245
 i1s,i1e:        1245        1249
 i1s,i1e:        1249        1253
 i1s,i1e:        1253        1257
 i1s,i1e:        1257        1261
 i1s,i1e:        1261        1265
 i1s,i1e:        1265        1269
 i1s,i1e:        1269        1273
 i1s,i1e:        1273        1277
 i1s,i1e:        1277        1281
 i1s,i1e:        1281        1285
 i1s,i1e:        1285        1289
 i1s,i1e:        1289        1293
 i1s,i1e:        1293        1297
 i1s,i1e:        1297        1301
 i1s,i1e:        1301        1305
 i1s,i1e:        1305        1309
 nout:           1
MATCHED:  D076_0453
 i2s,i2e:           7           7
 xy2:   120.08596500000000        41.808058000000003     
 input is point
 i1s,i1e:           1           5
 i1s,i1e:           5           9
 i1s,i1e:           9          13
 i1s,i1e:          13          17
 i1s,i1e:          17          21
 i1s,i1e:          21          25
 i1s,i1e:          25          29
 i1s,i1e:          29          33
 i1s,i1e:          33          37
 i1s,i1e:          37          41
 i1s,i1e:          41          45
 i1s,i1e:          45          49
 i1s,i1e:          49          53
 i1s,i1e:          53          57
 i1s,i1e:          57          61
 i1s,i1e:          61          65
 i1s,i1e:          65          69
 i1s,i1e:          69          73
 i1s,i1e:          73          77
 i1s,i1e:          77          81
 i1s,i1e:          81          85
 i1s,i1e:          85          89
 i1s,i1e:          89          93
 i1s,i1e:          93          97
 i1s,i1e:          97         101
 i1s,i1e:         101         105
 i1s,i1e:         105         109
 i1s,i1e:         109         113
 i1s,i1e:         113         117
 i1s,i1e:         117         121
 i1s,i1e:         121         125
 i1s,i1e:         125         129
 i1s,i1e:         129         133
 i1s,i1e:         133         137
 i1s,i1e:         137         141
 i1s,i1e:         141         145
 i1s,i1e:         145         149
 i1s,i1e:         149         153
 i1s,i1e:         153         157
 i1s,i1e:         157         161
 i1s,i1e:         161         165
 i1s,i1e:         165         169
 i1s,i1e:         169         173
 i1s,i1e:         173         177
 i1s,i1e:         177         181
 i1s,i1e:         181         185
 i1s,i1e:         185         189
 i1s,i1e:         189         193
 i1s,i1e:         193         197
 i1s,i1e:         197         201
 i1s,i1e:         201         205
 i1s,i1e:         205         209
 i1s,i1e:         209         213
 i1s,i1e:         213         217
 i1s,i1e:         217         221
 i1s,i1e:         221         225
 i1s,i1e:         225         229
 i1s,i1e:         229         233
 i1s,i1e:         233         237
 i1s,i1e:         237         241
 i1s,i1e:         241         245
 i1s,i1e:         245         249
 i1s,i1e:         249         253
 i1s,i1e:         253         257
 i1s,i1e:         257         261
 i1s,i1e:         261         265
 i1s,i1e:         265         269
 i1s,i1e:         269         273
 i1s,i1e:         273         277
 i1s,i1e:         277         281
 i1s,i1e:         281         285
 i1s,i1e:         285         289
 i1s,i1e:         289         293
 i1s,i1e:         293         297
 i1s,i1e:         297         301
 i1s,i1e:         301         305
 i1s,i1e:         305         309
 i1s,i1e:         309         313
 i1s,i1e:         313         317
 i1s,i1e:         317         321
 i1s,i1e:         321         325
 i1s,i1e:         325         329
 i1s,i1e:         329         333
 i1s,i1e:         333         337
 i1s,i1e:         337         341
 i1s,i1e:         341         345
 i1s,i1e:         345         349
 i1s,i1e:         349         353
 i1s,i1e:         353         357
 i1s,i1e:         357         361
 i1s,i1e:         361         365
 i1s,i1e:         365         369
 i1s,i1e:         369         373
 i1s,i1e:         373         377
 i1s,i1e:         377         381
 i1s,i1e:         381         385
 i1s,i1e:         385         389
 i1s,i1e:         389         393
 i1s,i1e:         393         397
 i1s,i1e:         397         401
 i1s,i1e:         401         405
 i1s,i1e:         405         409
 i1s,i1e:         409         413
 i1s,i1e:         413         417
 i1s,i1e:         417         421
 i1s,i1e:         421         425
 i1s,i1e:         425         429
 i1s,i1e:         429         433
 i1s,i1e:         433         437
 i1s,i1e:         437         441
 i1s,i1e:         441         445
 i1s,i1e:         445         449
 i1s,i1e:         449         453
 i1s,i1e:         453         457
 i1s,i1e:         457         461
 i1s,i1e:         461         465
 i1s,i1e:         465         469
 i1s,i1e:         469         473
 i1s,i1e:         473         477
 i1s,i1e:         477         481
 i1s,i1e:         481         485
 i1s,i1e:         485         489
 i1s,i1e:         489         493
 i1s,i1e:         493         497
 i1s,i1e:         497         501
 i1s,i1e:         501         505
 i1s,i1e:         505         509
 i1s,i1e:         509         513
 i1s,i1e:         513         517
 i1s,i1e:         517         521
 i1s,i1e:         521         525
 i1s,i1e:         525         529
 i1s,i1e:         529         533
 i1s,i1e:         533         537
 i1s,i1e:         537         541
 i1s,i1e:         541         545
 i1s,i1e:         545         549
 i1s,i1e:         549         553
 i1s,i1e:         553         557
 i1s,i1e:         557         561
 i1s,i1e:         561         565
 i1s,i1e:         565         569
 i1s,i1e:         569         573
 i1s,i1e:         573         577
 i1s,i1e:         577         581
 i1s,i1e:         581         585
 i1s,i1e:         585         589
 i1s,i1e:         589         593
 i1s,i1e:         593         597
 i1s,i1e:         597         601
 i1s,i1e:         601         605
 i1s,i1e:         605         609
 i1s,i1e:         609         613
 i1s,i1e:         613         617
 i1s,i1e:         617         621
 i1s,i1e:         621         625
 i1s,i1e:         625         629
 i1s,i1e:         629         633
 i1s,i1e:         633         637
 i1s,i1e:         637         641
 i1s,i1e:         641         645
 i1s,i1e:         645         649
 i1s,i1e:         649         653
 i1s,i1e:         653         657
 i1s,i1e:         657         661
 i1s,i1e:         661         665
 i1s,i1e:         665         669
 i1s,i1e:         669         673
 i1s,i1e:         673         677
 i1s,i1e:         677         681
 i1s,i1e:         681         685
 i1s,i1e:         685         689
 i1s,i1e:         689         693
 i1s,i1e:         693         697
 i1s,i1e:         697         701
 i1s,i1e:         701         705
 i1s,i1e:         705         709
 i1s,i1e:         709         713
 i1s,i1e:         713         717
 i1s,i1e:         717         721
 i1s,i1e:         721         725
 i1s,i1e:         725         729
 i1s,i1e:         729         733
 i1s,i1e:         733         737
 i1s,i1e:         737         741
 i1s,i1e:         741         745
 i1s,i1e:         745         749
 i1s,i1e:         749         753
 i1s,i1e:         753         757
 i1s,i1e:         757         761
 i1s,i1e:         761         765
 i1s,i1e:         765         769
 i1s,i1e:         769         773
 i1s,i1e:         773         777
 i1s,i1e:         777         781
 i1s,i1e:         781         785
 i1s,i1e:         785         789
 i1s,i1e:         789         793
 i1s,i1e:         793         797
 i1s,i1e:         797         801
 i1s,i1e:         801         805
 i1s,i1e:         805         809
 i1s,i1e:         809         813
 i1s,i1e:         813         817
 i1s,i1e:         817         821
 i1s,i1e:         821         825
 i1s,i1e:         825         829
 i1s,i1e:         829         833
 i1s,i1e:         833         837
 i1s,i1e:         837         841
 i1s,i1e:         841         845
 i1s,i1e:         845         849
 i1s,i1e:         849         853
 i1s,i1e:         853         857
 i1s,i1e:         857         861
 i1s,i1e:         861         865
 i1s,i1e:         865         869
 i1s,i1e:         869         873
 i1s,i1e:         873         877
 i1s,i1e:         877         881
 i1s,i1e:         881         885
 i1s,i1e:         885         889
 i1s,i1e:         889         893
 i1s,i1e:         893         897
 i1s,i1e:         897         901
 i1s,i1e:         901         905
 i1s,i1e:         905         909
 i1s,i1e:         909         913
 i1s,i1e:         913         917
 i1s,i1e:         917         921
 i1s,i1e:         921         925
 i1s,i1e:         925         929
 i1s,i1e:         929         933
 i1s,i1e:         933         937
 i1s,i1e:         937         941
 i1s,i1e:         941         945
 i1s,i1e:         945         949
 i1s,i1e:         949         953
 i1s,i1e:         953         957
 i1s,i1e:         957         961
 i1s,i1e:         961         965
 i1s,i1e:         965         969
 i1s,i1e:         969         973
 i1s,i1e:         973         977
 i1s,i1e:         977         981
 i1s,i1e:         981         985
 i1s,i1e:         985         989
 i1s,i1e:         989         993
 i1s,i1e:         993         997
 i1s,i1e:         997        1001
 i1s,i1e:        1001        1005
 i1s,i1e:        1005        1009
 i1s,i1e:        1009        1013
 i1s,i1e:        1013        1017
 i1s,i1e:        1017        1021
 i1s,i1e:        1021        1025
 i1s,i1e:        1025        1029
 i1s,i1e:        1029        1033
 i1s,i1e:        1033        1037
 i1s,i1e:        1037        1041
 i1s,i1e:        1041        1045
 i1s,i1e:        1045        1049
 i1s,i1e:        1049        1053
 i1s,i1e:        1053        1057
 i1s,i1e:        1057        1061
 i1s,i1e:        1061        1065
 i1s,i1e:        1065        1069
 i1s,i1e:        1069        1073
 i1s,i1e:        1073        1077
 i1s,i1e:        1077        1081
 i1s,i1e:        1081        1085
 i1s,i1e:        1085        1089
 i1s,i1e:        1089        1093
 i1s,i1e:        1093        1097
 i1s,i1e:        1097        1101
 i1s,i1e:        1101        1105
 i1s,i1e:        1105        1109
 i1s,i1e:        1109        1113
 i1s,i1e:        1113        1117
 i1s,i1e:        1117        1121
 i1s,i1e:        1121        1125
 i1s,i1e:        1125        1129
 i1s,i1e:        1129        1133
 i1s,i1e:        1133        1137
 i1s,i1e:        1137        1141
 i1s,i1e:        1141        1145
 i1s,i1e:        1145        1149
 i1s,i1e:        1149        1153
 i1s,i1e:        1153        1157
 i1s,i1e:        1157        1161
 i1s,i1e:        1161        1165
 i1s,i1e:        1165        1169
 i1s,i1e:        1169        1173
 i1s,i1e:        1173        1177
 i1s,i1e:        1177        1181
 i1s,i1e:        1181        1185
 i1s,i1e:        1185        1189
 i1s,i1e:        1189        1193
 i1s,i1e:        1193        1197
 i1s,i1e:        1197        1201
 i1s,i1e:        1201        1205
 i1s,i1e:        1205        1209
 i1s,i1e:        1209        1213
 i1s,i1e:        1213        1217
 i1s,i1e:        1217        1221
 i1s,i1e:        1221        1225
 i1s,i1e:        1225        1229
 i1s,i1e:        1229        1233
 i1s,i1e:        1233        1237
 i1s,i1e:        1237        1241
 i1s,i1e:        1241        1245
 i1s,i1e:        1245        1249
 i1s,i1e:        1249        1253
 i1s,i1e:        1253        1257
 i1s,i1e:        1257        1261
 i1s,i1e:        1261        1265
 i1s,i1e:        1265        1269
 i1s,i1e:        1269        1273
 i1s,i1e:        1273        1277
 i1s,i1e:        1277        1281
 i1s,i1e:        1281        1285
 i1s,i1e:        1285        1289
 i1s,i1e:        1289        1293
 i1s,i1e:        1293        1297
 i1s,i1e:        1297        1301
 i1s,i1e:        1301        1305
 i1s,i1e:        1305        1309
 nout:           3
MATCHED:  D048_0507
MATCHED:  D061_0450
MATCHED:  D076_0453
 i2s,i2e:           8           8
 xy2:   114.55795000000001        31.820489999999999     
 input is point
 i1s,i1e:           1           5
 i1s,i1e:           5           9
 i1s,i1e:           9          13
 i1s,i1e:          13          17
 i1s,i1e:          17          21
 i1s,i1e:          21          25
 i1s,i1e:          25          29
 i1s,i1e:          29          33
 i1s,i1e:          33          37
 i1s,i1e:          37          41
 i1s,i1e:          41          45
 i1s,i1e:          45          49
 i1s,i1e:          49          53
 i1s,i1e:          53          57
 i1s,i1e:          57          61
 i1s,i1e:          61          65
 i1s,i1e:          65          69
 i1s,i1e:          69          73
 i1s,i1e:          73          77
 i1s,i1e:          77          81
 i1s,i1e:          81          85
 i1s,i1e:          85          89
 i1s,i1e:          89          93
 i1s,i1e:          93          97
 i1s,i1e:          97         101
 i1s,i1e:         101         105
 i1s,i1e:         105         109
 i1s,i1e:         109         113
 i1s,i1e:         113         117
 i1s,i1e:         117         121
 i1s,i1e:         121         125
 i1s,i1e:         125         129
 i1s,i1e:         129         133
 i1s,i1e:         133         137
 i1s,i1e:         137         141
 i1s,i1e:         141         145
 i1s,i1e:         145         149
 i1s,i1e:         149         153
 i1s,i1e:         153         157
 i1s,i1e:         157         161
 i1s,i1e:         161         165
 i1s,i1e:         165         169
 i1s,i1e:         169         173
 i1s,i1e:         173         177
 i1s,i1e:         177         181
 i1s,i1e:         181         185
 i1s,i1e:         185         189
 i1s,i1e:         189         193
 i1s,i1e:         193         197
 i1s,i1e:         197         201
 i1s,i1e:         201         205
 i1s,i1e:         205         209
 i1s,i1e:         209         213
 i1s,i1e:         213         217
 i1s,i1e:         217         221
 i1s,i1e:         221         225
 i1s,i1e:         225         229
 i1s,i1e:         229         233
 i1s,i1e:         233         237
 i1s,i1e:         237         241
 i1s,i1e:         241         245
 i1s,i1e:         245         249
 i1s,i1e:         249         253
 i1s,i1e:         253         257
 i1s,i1e:         257         261
 i1s,i1e:         261         265
 i1s,i1e:         265         269
 i1s,i1e:         269         273
 i1s,i1e:         273         277
 i1s,i1e:         277         281
 i1s,i1e:         281         285
 i1s,i1e:         285         289
 i1s,i1e:         289         293
 i1s,i1e:         293         297
 i1s,i1e:         297         301
 i1s,i1e:         301         305
 i1s,i1e:         305         309
 i1s,i1e:         309         313
 i1s,i1e:         313         317
 i1s,i1e:         317         321
 i1s,i1e:         321         325
 i1s,i1e:         325         329
 i1s,i1e:         329         333
 i1s,i1e:         333         337
 i1s,i1e:         337         341
 i1s,i1e:         341         345
 i1s,i1e:         345         349
 i1s,i1e:         349         353
 i1s,i1e:         353         357
 i1s,i1e:         357         361
 i1s,i1e:         361         365
 i1s,i1e:         365         369
 i1s,i1e:         369         373
 i1s,i1e:         373         377
 i1s,i1e:         377         381
 i1s,i1e:         381         385
 i1s,i1e:         385         389
 i1s,i1e:         389         393
 i1s,i1e:         393         397
 i1s,i1e:         397         401
 i1s,i1e:         401         405
 i1s,i1e:         405         409
 i1s,i1e:         409         413
 i1s,i1e:         413         417
 i1s,i1e:         417         421
 i1s,i1e:         421         425
 i1s,i1e:         425         429
 i1s,i1e:         429         433
 i1s,i1e:         433         437
 i1s,i1e:         437         441
 i1s,i1e:         441         445
 i1s,i1e:         445         449
 i1s,i1e:         449         453
 i1s,i1e:         453         457
 i1s,i1e:         457         461
 i1s,i1e:         461         465
 i1s,i1e:         465         469
 i1s,i1e:         469         473
 i1s,i1e:         473         477
 i1s,i1e:         477         481
 i1s,i1e:         481         485
 i1s,i1e:         485         489
 i1s,i1e:         489         493
 i1s,i1e:         493         497
 i1s,i1e:         497         501
 i1s,i1e:         501         505
 i1s,i1e:         505         509
 i1s,i1e:         509         513
 i1s,i1e:         513         517
 i1s,i1e:         517         521
 i1s,i1e:         521         525
 i1s,i1e:         525         529
 i1s,i1e:         529         533
 i1s,i1e:         533         537
 i1s,i1e:         537         541
 i1s,i1e:         541         545
 i1s,i1e:         545         549
 i1s,i1e:         549         553
 i1s,i1e:         553         557
 i1s,i1e:         557         561
 i1s,i1e:         561         565
 i1s,i1e:         565         569
 i1s,i1e:         569         573
 i1s,i1e:         573         577
 i1s,i1e:         577         581
 i1s,i1e:         581         585
 i1s,i1e:         585         589
 i1s,i1e:         589         593
 i1s,i1e:         593         597
 i1s,i1e:         597         601
 i1s,i1e:         601         605
 i1s,i1e:         605         609
 i1s,i1e:         609         613
 i1s,i1e:         613         617
 i1s,i1e:         617         621
 i1s,i1e:         621         625
 i1s,i1e:         625         629
 i1s,i1e:         629         633
 i1s,i1e:         633         637
 i1s,i1e:         637         641
 i1s,i1e:         641         645
 i1s,i1e:         645         649
 i1s,i1e:         649         653
 i1s,i1e:         653         657
 i1s,i1e:         657         661
 i1s,i1e:         661         665
 i1s,i1e:         665         669
 i1s,i1e:         669         673
 i1s,i1e:         673         677
 i1s,i1e:         677         681
 i1s,i1e:         681         685
 i1s,i1e:         685         689
 i1s,i1e:         689         693
 i1s,i1e:         693         697
 i1s,i1e:         697         701
 i1s,i1e:         701         705
 i1s,i1e:         705         709
 i1s,i1e:         709         713
 i1s,i1e:         713         717
 i1s,i1e:         717         721
 i1s,i1e:         721         725
 i1s,i1e:         725         729
 i1s,i1e:         729         733
 i1s,i1e:         733         737
 i1s,i1e:         737         741
 i1s,i1e:         741         745
 i1s,i1e:         745         749
 i1s,i1e:         749         753
 i1s,i1e:         753         757
 i1s,i1e:         757         761
 i1s,i1e:         761         765
 i1s,i1e:         765         769
 i1s,i1e:         769         773
 i1s,i1e:         773         777
 i1s,i1e:         777         781
 i1s,i1e:         781         785
 i1s,i1e:         785         789
 i1s,i1e:         789         793
 i1s,i1e:         793         797
 i1s,i1e:         797         801
 i1s,i1e:         801         805
 i1s,i1e:         805         809
 i1s,i1e:         809         813
 i1s,i1e:         813         817
 i1s,i1e:         817         821
 i1s,i1e:         821         825
 i1s,i1e:         825         829
 i1s,i1e:         829         833
 i1s,i1e:         833         837
 i1s,i1e:         837         841
 i1s,i1e:         841         845
 i1s,i1e:         845         849
 i1s,i1e:         849         853
 i1s,i1e:         853         857
 i1s,i1e:         857         861
 i1s,i1e:         861         865
 i1s,i1e:         865         869
 i1s,i1e:         869         873
 i1s,i1e:         873         877
 i1s,i1e:         877         881
 i1s,i1e:         881         885
 i1s,i1e:         885         889
 i1s,i1e:         889         893
 i1s,i1e:         893         897
 i1s,i1e:         897         901
 i1s,i1e:         901         905
 i1s,i1e:         905         909
 i1s,i1e:         909         913
 i1s,i1e:         913         917
 i1s,i1e:         917         921
 i1s,i1e:         921         925
 i1s,i1e:         925         929
 i1s,i1e:         929         933
 i1s,i1e:         933         937
 i1s,i1e:         937         941
 i1s,i1e:         941         945
 i1s,i1e:         945         949
 i1s,i1e:         949         953
 i1s,i1e:         953         957
 i1s,i1e:         957         961
 i1s,i1e:         961         965
 i1s,i1e:         965         969
 i1s,i1e:         969         973
 i1s,i1e:         973         977
 i1s,i1e:         977         981
 i1s,i1e:         981         985
 i1s,i1e:         985         989
 i1s,i1e:         989         993
 i1s,i1e:         993         997
 i1s,i1e:         997        1001
 i1s,i1e:        1001        1005
 i1s,i1e:        1005        1009
 i1s,i1e:        1009        1013
 i1s,i1e:        1013        1017
 i1s,i1e:        1017        1021
 i1s,i1e:        1021        1025
 i1s,i1e:        1025        1029
 i1s,i1e:        1029        1033
 i1s,i1e:        1033        1037
 i1s,i1e:        1037        1041
 i1s,i1e:        1041        1045
 i1s,i1e:        1045        1049
 i1s,i1e:        1049        1053
 i1s,i1e:        1053        1057
 i1s,i1e:        1057        1061
 i1s,i1e:        1061        1065
 i1s,i1e:        1065        1069
 i1s,i1e:        1069        1073
 i1s,i1e:        1073        1077
 i1s,i1e:        1077        1081
 i1s,i1e:        1081        1085
 i1s,i1e:        1085        1089
 i1s,i1e:        1089        1093
 i1s,i1e:        1093        1097
 i1s,i1e:        1097        1101
 i1s,i1e:        1101        1105
 i1s,i1e:        1105        1109
 i1s,i1e:        1109        1113
 i1s,i1e:        1113        1117
 i1s,i1e:        1117        1121
 i1s,i1e:        1121        1125
 i1s,i1e:        1125        1129
 i1s,i1e:        1129        1133
 i1s,i1e:        1133        1137
 i1s,i1e:        1137        1141
 i1s,i1e:        1141        1145
 i1s,i1e:        1145        1149
 i1s,i1e:        1149        1153
 i1s,i1e:        1153        1157
 i1s,i1e:        1157        1161
 i1s,i1e:        1161        1165
 i1s,i1e:        1165        1169
 i1s,i1e:        1169        1173
 i1s,i1e:        1173        1177
 i1s,i1e:        1177        1181
 i1s,i1e:        1181        1185
 i1s,i1e:        1185        1189
 i1s,i1e:        1189        1193
 i1s,i1e:        1193        1197
 i1s,i1e:        1197        1201
 i1s,i1e:        1201        1205
 i1s,i1e:        1205        1209
 i1s,i1e:        1209        1213
 i1s,i1e:        1213        1217
 i1s,i1e:        1217        1221
 i1s,i1e:        1221        1225
 i1s,i1e:        1225        1229
 i1s,i1e:        1229        1233
 i1s,i1e:        1233        1237
 i1s,i1e:        1237        1241
 i1s,i1e:        1241        1245
 i1s,i1e:        1245        1249
 i1s,i1e:        1249        1253
 i1s,i1e:        1253        1257
 i1s,i1e:        1257        1261
 i1s,i1e:        1261        1265
 i1s,i1e:        1265        1269
 i1s,i1e:        1269        1273
 i1s,i1e:        1273        1277
 i1s,i1e:        1277        1281
 i1s,i1e:        1281        1285
 i1s,i1e:        1285        1289
 i1s,i1e:        1289        1293
 i1s,i1e:        1293        1297
 i1s,i1e:        1297        1301
 i1s,i1e:        1301        1305
 i1s,i1e:        1305        1309
 nout:           0
