 S1A_IW_SLC__1SDV_20170207T124118_20170207T124145_015178_018D75_BB1B.manifest.safe        0.6650943396226415
 S1A_IW_SLC__1SDV_20170207T124143_20170207T124210_015178_018D75_B33B.manifest.safe        0.6726457399103140
 S1A_IW_SLC__1SDV_20170207T124208_20170207T124235_015178_018D75_63CF.manifest.safe        0.6448087431693990
 S1A_IW_SLC__1SDV_20170219T124118_20170219T124145_015353_0192EC_2EB5.manifest.safe        0.6650943396226415
 S1A_IW_SLC__1SDV_20170219T124142_20170219T124209_015353_0192EC_9EEE.manifest.safe        0.6726457399103140
 S1A_IW_SLC__1SDV_20170219T124207_20170219T124234_015353_0192EC_C68F.manifest.safe        0.6448087431693990
 S1A_IW_SLC__1SDV_20170303T124117_20170303T124144_015528_019836_9187.manifest.safe        0.6650943396226415
 S1A_IW_SLC__1SDV_20170303T124142_20170303T124209_015528_019836_132D.manifest.safe        0.6726457399103140
 S1A_IW_SLC__1SDV_20170303T124207_20170303T124234_015528_019836_2D0D.manifest.safe        0.6448087431693990
 S1A_IW_SLC__1SDV_20170315T124118_20170315T124145_015703_019D7F_F521.manifest.safe        0.6650943396226415
 S1A_IW_SLC__1SDV_20170315T124143_20170315T124210_015703_019D7F_679A.manifest.safe        0.6726457399103140
 S1A_IW_SLC__1SDV_20170315T124207_20170315T124234_015703_019D7F_DF35.manifest.safe        0.6448087431693990
 S1A_IW_SLC__1SDV_20170327T124118_20170327T124145_015878_01A2B7_87D4.manifest.safe        0.6650943396226415
 S1A_IW_SLC__1SDV_20170327T124143_20170327T124210_015878_01A2B7_3C36.manifest.safe        0.6726457399103140
 S1A_IW_SLC__1SDV_20170327T124208_20170327T124235_015878_01A2B7_6257.manifest.safe        0.6448087431693990
 S1A_IW_SLC__1SDV_20170408T124119_20170408T124146_016053_01A7F2_D8BD.manifest.safe        0.6650943396226415
 S1A_IW_SLC__1SDV_20170408T124143_20170408T124210_016053_01A7F2_5AA7.manifest.safe        0.6726457399103140
 S1A_IW_SLC__1SDV_20170408T124208_20170408T124235_016053_01A7F2_60C0.manifest.safe        0.6448087431693990
 S1A_IW_SLC__1SDV_20170420T124119_20170420T124146_016228_01AD4F_0EEA.manifest.safe        0.6650943396226415
 S1A_IW_SLC__1SDV_20170420T124144_20170420T124211_016228_01AD4F_CF8F.manifest.safe        0.6726457399103140
 S1A_IW_SLC__1SDV_20170420T124209_20170420T124236_016228_01AD4F_4CCB.manifest.safe        0.6448087431693990
 S1A_IW_SLC__1SDV_20170502T124120_20170502T124147_016403_01B29B_724A.manifest.safe        0.6650943396226415
 S1A_IW_SLC__1SDV_20170502T124145_20170502T124212_016403_01B29B_B150.manifest.safe        0.6726457399103140
 S1A_IW_SLC__1SDV_20170502T124209_20170502T124236_016403_01B29B_531C.manifest.safe        0.6448087431693990
 S1A_IW_SLC__1SDV_20170514T124120_20170514T124147_016578_01B7EF_B489.manifest.safe        0.6650943396226415
 S1A_IW_SLC__1SDV_20170514T124145_20170514T124212_016578_01B7EF_9E9B.manifest.safe        0.6726457399103140
 S1A_IW_SLC__1SDV_20170514T124210_20170514T124237_016578_01B7EF_388B.manifest.safe        0.6448087431693990
 S1A_IW_SLC__1SDV_20170526T124121_20170526T124148_016753_01BD4E_3C61.manifest.safe        0.6650943396226415
 S1A_IW_SLC__1SDV_20170526T124146_20170526T124213_016753_01BD4E_C2E4.manifest.safe        0.6726457399103140
 S1A_IW_SLC__1SDV_20170526T124210_20170526T124237_016753_01BD4E_4789.manifest.safe        0.6448087431693990
 S1A_IW_SLC__1SDV_20170607T124122_20170607T124149_016928_01C2BE_74D7.manifest.safe        0.6650943396226415
 S1A_IW_SLC__1SDV_20170607T124147_20170607T124214_016928_01C2BE_93FF.manifest.safe        0.6726457399103140
 S1A_IW_SLC__1SDV_20170607T124211_20170607T124238_016928_01C2BE_4466.manifest.safe        0.6448087431693990
 S1A_IW_SLC__1SDV_20170619T124122_20170619T124149_017103_01C825_4221.manifest.safe        0.6650943396226415
 S1A_IW_SLC__1SDV_20170619T124147_20170619T124214_017103_01C825_80E5.manifest.safe        0.6726457399103140
 S1A_IW_SLC__1SDV_20170619T124212_20170619T124239_017103_01C825_42F3.manifest.safe        0.6448087431693990
 S1A_IW_SLC__1SDV_20170701T124123_20170701T124150_017278_01CD6C_2EB4.manifest.safe        0.6650943396226415
 S1A_IW_SLC__1SDV_20170701T124148_20170701T124215_017278_01CD6C_00D4.manifest.safe        0.6726457399103140
 S1A_IW_SLC__1SDV_20170701T124213_20170701T124240_017278_01CD6C_DCCD.manifest.safe        0.6448087431693990
 S1A_IW_SLC__1SDV_20170713T124124_20170713T124151_017453_01D2B4_44F1.manifest.safe        0.6650943396226415
 S1A_IW_SLC__1SDV_20170713T124149_20170713T124215_017453_01D2B4_B55A.manifest.safe        0.6726457399103140
 S1A_IW_SLC__1SDV_20170713T124213_20170713T124240_017453_01D2B4_5F15.manifest.safe        0.6448087431693990
 S1A_IW_SLC__1SDV_20170725T124124_20170725T124151_017628_01D810_02F8.manifest.safe        0.6650943396226415
 S1A_IW_SLC__1SDV_20170725T124149_20170725T124216_017628_01D810_1CC3.manifest.safe        0.6726457399103140
 S1A_IW_SLC__1SDV_20170725T124214_20170725T124241_017628_01D810_3BDD.manifest.safe        0.6448087431693990
 S1A_IW_SLC__1SDV_20170806T124125_20170806T124152_017803_01DD64_9C56.manifest.safe        0.6650943396226415
 S1A_IW_SLC__1SDV_20170806T124150_20170806T124217_017803_01DD64_C034.manifest.safe        0.6726457399103140
 S1A_IW_SLC__1SDV_20170806T124215_20170806T124242_017803_01DD64_664B.manifest.safe        0.6448087431693990
 S1A_IW_SLC__1SDV_20170818T124126_20170818T124153_017978_01E2B2_75D6.manifest.safe        0.6650943396226415
 S1A_IW_SLC__1SDV_20170818T124151_20170818T124218_017978_01E2B2_5A06.manifest.safe        0.6726457399103140
 S1A_IW_SLC__1SDV_20170818T124215_20170818T124242_017978_01E2B2_BBA7.manifest.safe        0.6448087431693990
 S1A_IW_SLC__1SDV_20170830T124126_20170830T124153_018153_01E7F7_F4C4.manifest.safe        0.6650943396226415
 S1A_IW_SLC__1SDV_20170830T124151_20170830T124218_018153_01E7F7_22D8.manifest.safe        0.6726457399103140
 S1A_IW_SLC__1SDV_20170830T124216_20170830T124243_018153_01E7F7_79DA.manifest.safe        0.6448087431693990
 S1A_IW_SLC__1SDV_20170911T124127_20170911T124154_018328_01ED70_E049.manifest.safe        0.6650943396226415
 S1A_IW_SLC__1SDV_20170911T124152_20170911T124218_018328_01ED70_0497.manifest.safe        0.6726457399103140
 S1A_IW_SLC__1SDV_20170911T124216_20170911T124243_018328_01ED70_82DB.manifest.safe        0.6448087431693990
 S1A_IW_SLC__1SDV_20171017T124127_20171017T124154_018853_01FD7A_D064.manifest.safe        0.6650943396226415
 S1A_IW_SLC__1SDV_20171017T124152_20171017T124219_018853_01FD7A_0934.manifest.safe        0.6726457399103140
 S1A_IW_SLC__1SDV_20171017T124217_20171017T124244_018853_01FD7A_FBA7.manifest.safe        0.6448087431693990
 S1A_IW_SLC__1SDV_20171029T124128_20171029T124155_019028_0202CF_D5E3.manifest.safe        0.6650943396226415
 S1A_IW_SLC__1SDV_20171029T124152_20171029T124219_019028_0202CF_CF6B.manifest.safe        0.6726457399103140
 S1A_IW_SLC__1SDV_20171029T124217_20171029T124244_019028_0202CF_45B0.manifest.safe        0.6448087431693990
 S1A_IW_SLC__1SDV_20171110T124127_20171110T124154_019203_020834_342F.manifest.safe        0.6650943396226415
 S1A_IW_SLC__1SDV_20171110T124152_20171110T124219_019203_020834_72C8.manifest.safe        0.6726457399103140
 S1A_IW_SLC__1SDV_20171110T124217_20171110T124244_019203_020834_F994.manifest.safe        0.6448087431693990
 S1A_IW_SLC__1SDV_20171204T124127_20171204T124154_019553_021335_F2E9.manifest.safe        0.6650943396226415
 S1A_IW_SLC__1SDV_20171204T124151_20171204T124218_019553_021335_4971.manifest.safe        0.6726457399103140
 S1A_IW_SLC__1SDV_20171204T124216_20171204T124243_019553_021335_488E.manifest.safe        0.6448087431693990
 S1A_IW_SLC__1SDV_20171216T124126_20171216T124153_019728_0218A5_CD0A.manifest.safe        0.6650943396226415
 S1A_IW_SLC__1SDV_20171216T124151_20171216T124218_019728_0218A5_B0BE.manifest.safe        0.6726457399103140
 S1A_IW_SLC__1SDV_20171216T124216_20171216T124243_019728_0218A5_BCE6.manifest.safe        0.6448087431693990
 S1A_IW_SLC__1SDV_20171228T124126_20171228T124153_019903_021E12_14EB.manifest.safe        0.6650943396226415
 S1A_IW_SLC__1SDV_20171228T124150_20171228T124217_019903_021E12_E5F2.manifest.safe        0.6726457399103140
 S1A_IW_SLC__1SDV_20171228T124215_20171228T124242_019903_021E12_D881.manifest.safe        0.6448087431693990
 S1A_IW_SLC__1SDV_20180109T124125_20180109T124152_020078_022399_8614.manifest.safe        0.6650943396226415
 S1A_IW_SLC__1SDV_20180109T124150_20180109T124217_020078_022399_A342.manifest.safe        0.6726457399103140
 S1A_IW_SLC__1SDV_20180109T124215_20180109T124242_020078_022399_B9F5.manifest.safe        0.6448087431693990
 S1A_IW_SLC__1SDV_20180121T124125_20180121T124152_020253_022925_344D.manifest.safe        0.6650943396226415
 S1A_IW_SLC__1SDV_20180121T124150_20180121T124217_020253_022925_AE41.manifest.safe        0.6726457399103140
 S1A_IW_SLC__1SDV_20180121T124214_20180121T124241_020253_022925_B78F.manifest.safe        0.6448087431693990
 S1A_IW_SLC__1SDV_20180202T124124_20180202T124151_020428_022EBB_83D5.manifest.safe        0.6650943396226415
 S1A_IW_SLC__1SDV_20180202T124149_20180202T124216_020428_022EBB_27B7.manifest.safe        0.6726457399103140
 S1A_IW_SLC__1SDV_20180202T124214_20180202T124241_020428_022EBB_FB6F.manifest.safe        0.6448087431693990
 S1A_IW_SLC__1SDV_20180214T124124_20180214T124151_020603_023455_5C68.manifest.safe        0.6650943396226415
 S1A_IW_SLC__1SDV_20180214T124149_20180214T124216_020603_023455_202A.manifest.safe        0.6726457399103140
 S1A_IW_SLC__1SDV_20180214T124214_20180214T124241_020603_023455_EFC0.manifest.safe        0.6448087431693990
 S1A_IW_SLC__1SDV_20180226T124124_20180226T124151_020778_0239EB_C552.manifest.safe        0.6650943396226415
 S1A_IW_SLC__1SDV_20180226T124149_20180226T124216_020778_0239EB_C99E.manifest.safe        0.6726457399103140
 S1A_IW_SLC__1SDV_20180226T124214_20180226T124241_020778_0239EB_86F9.manifest.safe        0.6448087431693990
 S1A_IW_SLC__1SDV_20180310T124124_20180310T124151_020953_023F6B_8C91.manifest.safe        0.6650943396226415
 S1A_IW_SLC__1SDV_20180310T124149_20180310T124216_020953_023F6B_68D2.manifest.safe        0.6726457399103140
 S1A_IW_SLC__1SDV_20180310T124214_20180310T124241_020953_023F6B_9EC7.manifest.safe        0.6448087431693990
 S1A_IW_SLC__1SDV_20180403T124125_20180403T124152_021303_024A81_7CCC.manifest.safe        0.6650943396226415
 S1A_IW_SLC__1SDV_20180403T124149_20180403T124216_021303_024A81_6E39.manifest.safe        0.6726457399103140
 S1A_IW_SLC__1SDV_20180403T124214_20180403T124241_021303_024A81_06D8.manifest.safe        0.6448087431693990
 S1A_IW_SLC__1SDV_20180415T124125_20180415T124152_021478_024FF4_73BE.manifest.safe        0.6650943396226415
 S1A_IW_SLC__1SDV_20180415T124150_20180415T124217_021478_024FF4_18AB.manifest.safe        0.6726457399103140
 S1A_IW_SLC__1SDV_20180415T124215_20180415T124242_021478_024FF4_6E78.manifest.safe        0.6448087431693990
 S1A_IW_SLC__1SDV_20180427T124126_20180427T124153_021653_02556B_93F0.manifest.safe        0.6650943396226415
 S1A_IW_SLC__1SDV_20180427T124151_20180427T124218_021653_02556B_FF52.manifest.safe        0.6726457399103140
 S1A_IW_SLC__1SDV_20180427T124215_20180427T124242_021653_02556B_5F8A.manifest.safe        0.6448087431693990
 S1A_IW_SLC__1SDV_20180509T124126_20180509T124153_021828_025AF9_8550.manifest.safe        0.6650943396226415
 S1A_IW_SLC__1SDV_20180509T124151_20180509T124218_021828_025AF9_9E23.manifest.safe        0.6726457399103140
 S1A_IW_SLC__1SDV_20180509T124216_20180509T124243_021828_025AF9_4846.manifest.safe        0.6448087431693990
 S1A_IW_SLC__1SDV_20180521T124127_20180521T124154_022003_02608E_10DA.manifest.safe        0.6650943396226415
 S1A_IW_SLC__1SDV_20180521T124152_20180521T124219_022003_02608E_A0AA.manifest.safe        0.6726457399103140
 S1A_IW_SLC__1SDV_20180521T124217_20180521T124244_022003_02608E_D6FC.manifest.safe        0.6448087431693990
 S1A_IW_SLC__1SDV_20180602T124128_20180602T124155_022178_02661E_19F3.manifest.safe        0.6650943396226415
 S1A_IW_SLC__1SDV_20180602T124152_20180602T124219_022178_02661E_52F7.manifest.safe        0.6726457399103140
 S1A_IW_SLC__1SDV_20180602T124217_20180602T124244_022178_02661E_C496.manifest.safe        0.6448087431693990
 S1A_IW_SLC__1SDV_20180614T124128_20180614T124155_022353_026B8F_09CC.manifest.safe        0.6650943396226415
 S1A_IW_SLC__1SDV_20180614T124153_20180614T124220_022353_026B8F_CC8E.manifest.safe        0.6726457399103140
 S1A_IW_SLC__1SDV_20180614T124218_20180614T124245_022353_026B8F_827C.manifest.safe        0.6448087431693990
 S1A_IW_SLC__1SDV_20180626T124129_20180626T124156_022528_0270B5_0A4A.manifest.safe        0.6650943396226415
 S1A_IW_SLC__1SDV_20180626T124154_20180626T124221_022528_0270B5_5411.manifest.safe        0.6726457399103140
 S1A_IW_SLC__1SDV_20180626T124219_20180626T124246_022528_0270B5_B9F3.manifest.safe        0.6448087431693990
 S1A_IW_SLC__1SDV_20180708T124130_20180708T124157_022703_0275D2_ACE6.manifest.safe        0.6650943396226415
 S1A_IW_SLC__1SDV_20180708T124155_20180708T124221_022703_0275D2_1667.manifest.safe        0.6726457399103140
 S1A_IW_SLC__1SDV_20180708T124219_20180708T124246_022703_0275D2_3C82.manifest.safe        0.6448087431693990
 S1A_IW_SLC__1SDV_20180720T124131_20180720T124158_022878_027B2D_5C34.manifest.safe        0.6650943396226415
 S1A_IW_SLC__1SDV_20180720T124155_20180720T124222_022878_027B2D_3CAA.manifest.safe        0.6726457399103140
 S1A_IW_SLC__1SDV_20180720T124220_20180720T124247_022878_027B2D_2AED.manifest.safe        0.6448087431693990
 S1A_IW_SLC__1SDV_20180801T124131_20180801T124158_023053_0280B7_3272.manifest.safe        0.6650943396226415
 S1A_IW_SLC__1SDV_20180801T124156_20180801T124223_023053_0280B7_3DE8.manifest.safe        0.6726457399103140
 S1A_IW_SLC__1SDV_20180801T124221_20180801T124248_023053_0280B7_EC43.manifest.safe        0.6448087431693990
 S1A_IW_SLC__1SDV_20180813T124132_20180813T124159_023228_028650_C23B.manifest.safe        0.6650943396226415
 S1A_IW_SLC__1SDV_20180813T124157_20180813T124224_023228_028650_0BD5.manifest.safe        0.6726457399103140
 S1A_IW_SLC__1SDV_20180813T124222_20180813T124249_023228_028650_339F.manifest.safe        0.6448087431693990
 S1A_IW_SLC__1SDV_20180825T124133_20180825T124200_023403_028BEF_7730.manifest.safe        0.6650943396226415
 S1A_IW_SLC__1SDV_20180825T124157_20180825T124224_023403_028BEF_3E2A.manifest.safe        0.6726457399103140
 S1A_IW_SLC__1SDV_20180825T124222_20180825T124249_023403_028BEF_6B02.manifest.safe        0.6448087431693990
 S1A_IW_SLC__1SDV_20180906T124133_20180906T124200_023578_029186_3872.manifest.safe        0.6650943396226415
 S1A_IW_SLC__1SDV_20180906T124158_20180906T124225_023578_029186_3A93.manifest.safe        0.6726457399103140
 S1A_IW_SLC__1SDV_20180906T124223_20180906T124250_023578_029186_1769.manifest.safe        0.6448087431693990
 S1A_IW_SLC__1SDV_20180918T124134_20180918T124201_023753_029722_E944.manifest.safe        0.6650943396226415
 S1A_IW_SLC__1SDV_20180918T124158_20180918T124225_023753_029722_EF15.manifest.safe        0.6726457399103140
 S1A_IW_SLC__1SDV_20180918T124223_20180918T124250_023753_029722_F2F9.manifest.safe        0.6448087431693990
 S1A_IW_SLC__1SDV_20180930T124134_20180930T124201_023928_029CD0_EE09.manifest.safe        0.6650943396226415
 S1A_IW_SLC__1SDV_20180930T124159_20180930T124226_023928_029CD0_EF31.manifest.safe        0.6726457399103140
 S1A_IW_SLC__1SDV_20180930T124223_20180930T124250_023928_029CD0_306F.manifest.safe        0.6448087431693990
 S1A_IW_SLC__1SDV_20181012T124134_20181012T124201_024103_02A28F_65B3.manifest.safe        0.6650943396226415
 S1A_IW_SLC__1SDV_20181012T124159_20181012T124226_024103_02A28F_69DD.manifest.safe        0.6726457399103140
 S1A_IW_SLC__1SDV_20181012T124224_20181012T124251_024103_02A28F_8D85.manifest.safe        0.6448087431693990
 S1A_IW_SLC__1SDV_20181024T124134_20181024T124201_024278_02A83B_7BE7.manifest.safe        0.6650943396226415
 S1A_IW_SLC__1SDV_20181024T124159_20181024T124226_024278_02A83B_066E.manifest.safe        0.6726457399103140
 S1A_IW_SLC__1SDV_20181024T124224_20181024T124251_024278_02A83B_9BA2.manifest.safe        0.6448087431693990
 S1A_IW_SLC__1SDV_20181105T124134_20181105T124201_024453_02AE2A_9C14.manifest.safe        0.6650943396226415
 S1A_IW_SLC__1SDV_20181105T124159_20181105T124226_024453_02AE2A_C103.manifest.safe        0.6726457399103140
 S1A_IW_SLC__1SDV_20181105T124224_20181105T124251_024453_02AE2A_61E8.manifest.safe        0.6448087431693990
 S1A_IW_SLC__1SDV_20181117T124134_20181117T124201_024628_02B497_1C73.manifest.safe        0.6650943396226415
 S1A_IW_SLC__1SDV_20181117T124159_20181117T124226_024628_02B497_1B4D.manifest.safe        0.6726457399103140
 S1A_IW_SLC__1SDV_20181117T124223_20181117T124250_024628_02B497_5D39.manifest.safe        0.6448087431693990
 S1A_IW_SLC__1SDV_20181129T124133_20181129T124200_024803_02BAF3_F0A9.manifest.safe        0.6650943396226415
 S1A_IW_SLC__1SDV_20181129T124158_20181129T124225_024803_02BAF3_5868.manifest.safe        0.6726457399103140
 S1A_IW_SLC__1SDV_20181129T124223_20181129T124250_024803_02BAF3_6DB5.manifest.safe        0.6448087431693990
 S1A_IW_SLC__1SDV_20181211T124133_20181211T124200_024978_02C0E9_58F8.manifest.safe        0.6650943396226415
 S1A_IW_SLC__1SDV_20181211T124158_20181211T124225_024978_02C0E9_2B8A.manifest.safe        0.6726457399103140
 S1A_IW_SLC__1SDV_20181211T124222_20181211T124249_024978_02C0E9_2857.manifest.safe        0.6448087431693990
 S1A_IW_SLC__1SDV_20181223T124133_20181223T124159_025153_02C738_0ED6.manifest.safe        0.6650943396226415
 S1A_IW_SLC__1SDV_20181223T124157_20181223T124224_025153_02C738_A4C4.manifest.safe        0.6726457399103140
 S1A_IW_SLC__1SDV_20181223T124222_20181223T124249_025153_02C738_BC8C.manifest.safe        0.6448087431693990
 S1A_IW_SLC__1SDV_20190104T124132_20190104T124159_025328_02CD87_E925.manifest.safe        0.6650943396226415
 S1A_IW_SLC__1SDV_20190104T124157_20190104T124224_025328_02CD87_FF5F.manifest.safe        0.6726457399103140
 S1A_IW_SLC__1SDV_20190104T124222_20190104T124249_025328_02CD87_E5D5.manifest.safe        0.6448087431693990
 S1A_IW_SLC__1SDV_20190116T124157_20190116T124223_025503_02D3D9_D236.manifest.safe        0.6726457399103140
 S1A_IW_SLC__1SDV_20190116T124221_20190116T124248_025503_02D3D9_380F.manifest.safe        0.6448087431693990
 S1A_IW_SLC__1SDV_20190128T124131_20190128T124158_025678_02DA3D_3D61.manifest.safe        0.6650943396226415
 S1A_IW_SLC__1SDV_20190128T124156_20190128T124223_025678_02DA3D_00CE.manifest.safe        0.6726457399103140
 S1A_IW_SLC__1SDV_20190128T124221_20190128T124248_025678_02DA3D_2B69.manifest.safe        0.6448087431693990
 S1A_IW_SLC__1SDV_20190209T124131_20190209T124158_025853_02E088_4DE3.manifest.safe        0.6650943396226415
 S1A_IW_SLC__1SDV_20190209T124156_20190209T124223_025853_02E088_2164.manifest.safe        0.6726457399103140
 S1A_IW_SLC__1SDV_20190209T124220_20190209T124247_025853_02E088_772F.manifest.safe        0.6448087431693990
 S1A_IW_SLC__1SDV_20190221T124131_20190221T124158_026028_02E6B9_B431.manifest.safe        0.6650943396226415
 S1A_IW_SLC__1SDV_20190221T124155_20190221T124222_026028_02E6B9_0552.manifest.safe        0.6726457399103140
 S1A_IW_SLC__1SDV_20190221T124220_20190221T124247_026028_02E6B9_0C06.manifest.safe        0.6448087431693990
 S1A_IW_SLC__1SDV_20190305T124131_20190305T124158_026203_02ED05_64EB.manifest.safe        0.6650943396226415
 S1A_IW_SLC__1SDV_20190305T124156_20190305T124223_026203_02ED05_580A.manifest.safe        0.6726457399103140
 S1A_IW_SLC__1SDV_20190305T124220_20190305T124247_026203_02ED05_0E7C.manifest.safe        0.6448087431693990
 S1A_IW_SLC__1SDV_20190317T124131_20190317T124158_026378_02F377_8AE0.manifest.safe        0.6650943396226415
 S1A_IW_SLC__1SDV_20190317T124156_20190317T124223_026378_02F377_37AF.manifest.safe        0.6726457399103140
 S1A_IW_SLC__1SDV_20190317T124220_20190317T124247_026378_02F377_E3D8.manifest.safe        0.6448087431693990
 S1A_IW_SLC__1SDV_20190329T124131_20190329T124158_026553_02F9E3_F3E5.manifest.safe        0.6650943396226415
 S1A_IW_SLC__1SDV_20190329T124156_20190329T124223_026553_02F9E3_545C.manifest.safe        0.6726457399103140
 S1A_IW_SLC__1SDV_20190329T124221_20190329T124248_026553_02F9E3_CC94.manifest.safe        0.6448087431693990
 S1A_IW_SLC__1SDV_20190410T124131_20190410T124158_026728_030055_F49D.manifest.safe        0.6650943396226415
 S1A_IW_SLC__1SDV_20190410T124156_20190410T124223_026728_030055_F2A5.manifest.safe        0.6755555555555556
 S1A_IW_SLC__1SDV_20190410T124221_20190410T124248_026728_030055_65F0.manifest.safe        0.6393442622950820
 S1A_IW_SLC__1SDV_20190422T124132_20190422T124159_026903_0306A1_9A46.manifest.safe        0.6650943396226415
 S1A_IW_SLC__1SDV_20190422T124157_20190422T124224_026903_0306A1_0F8D.manifest.safe        0.6726457399103140
 S1A_IW_SLC__1SDV_20190422T124222_20190422T124249_026903_0306A1_EAEC.manifest.safe        0.6448087431693990
 S1A_IW_SLC__1SDV_20190504T124132_20190504T124159_027078_030D03_DE18.manifest.safe        0.6650943396226415
 S1A_IW_SLC__1SDV_20190504T124157_20190504T124224_027078_030D03_B1C8.manifest.safe        0.6726457399103140
 S1A_IW_SLC__1SDV_20190504T124222_20190504T124249_027078_030D03_0964.manifest.safe        0.6448087431693990
 S1A_IW_SLC__1SDV_20190516T124133_20190516T124200_027253_0312A7_5B70.manifest.safe        0.6650943396226415
 S1A_IW_SLC__1SDV_20190516T124158_20190516T124225_027253_0312A7_6A32.manifest.safe        0.6726457399103140
 S1A_IW_SLC__1SDV_20190516T124222_20190516T124249_027253_0312A7_F3A5.manifest.safe        0.6448087431693990
 S1A_IW_SLC__1SDV_20190528T124133_20190528T124200_027428_03181D_CCB5.manifest.safe        0.6650943396226415
 S1A_IW_SLC__1SDV_20190528T124158_20190528T124225_027428_03181D_D8C2.manifest.safe        0.6726457399103140
 S1A_IW_SLC__1SDV_20190528T124223_20190528T124250_027428_03181D_A74E.manifest.safe        0.6448087431693990
 S1A_IW_SLC__1SDV_20190609T124134_20190609T124201_027603_031D81_BA47.manifest.safe        0.6650943396226415
 S1A_IW_SLC__1SDV_20190609T124159_20190609T124226_027603_031D81_F9EF.manifest.safe        0.6726457399103140
 S1A_IW_SLC__1SDV_20190609T124224_20190609T124251_027603_031D81_838C.manifest.safe        0.6448087431693990
 S1A_IW_SLC__1SDV_20190621T124135_20190621T124202_027778_0322B7_9CCF.manifest.safe        0.6650943396226415
 S1A_IW_SLC__1SDV_20190621T124200_20190621T124227_027778_0322B7_10CE.manifest.safe        0.6726457399103140
 S1A_IW_SLC__1SDV_20190621T124224_20190621T124251_027778_0322B7_89B0.manifest.safe        0.6448087431693990
 S1A_IW_SLC__1SDV_20190703T124136_20190703T124202_027953_0327FF_D448.manifest.safe        0.6650943396226415
 S1A_IW_SLC__1SDV_20190703T124200_20190703T124227_027953_0327FF_DEBB.manifest.safe        0.6755555555555556
 S1A_IW_SLC__1SDV_20190703T124225_20190703T124252_027953_0327FF_16B9.manifest.safe        0.6393442622950820
 S1A_IW_SLC__1SDV_20190715T124136_20190715T124203_028128_032D4B_2BC4.manifest.safe        0.6650943396226415
 S1A_IW_SLC__1SDV_20190715T124201_20190715T124228_028128_032D4B_0A4E.manifest.safe        0.6711111111111111
 S1A_IW_SLC__1SDV_20190715T124226_20190715T124253_028128_032D4B_4BC0.manifest.safe        0.6393442622950820
 S1A_IW_SLC__1SDV_20190727T124137_20190727T124204_028303_0332A2_D63F.manifest.safe        0.6650943396226415
 S1A_IW_SLC__1SDV_20190727T124202_20190727T124229_028303_0332A2_428E.manifest.safe        0.6755555555555556
 S1A_IW_SLC__1SDV_20190727T124227_20190727T124254_028303_0332A2_46DC.manifest.safe        0.6393442622950820
 S1A_IW_SLC__1SDV_20190808T124138_20190808T124205_028478_0337FE_35EF.manifest.safe        0.6650943396226415
 S1A_IW_SLC__1SDV_20190808T124203_20190808T124230_028478_0337FE_6B3E.manifest.safe        0.6755555555555556
 S1A_IW_SLC__1SDV_20190808T124228_20190808T124255_028478_0337FE_3186.manifest.safe        0.6393442622950820
 S1A_IW_SLC__1SDV_20190820T124139_20190820T124206_028653_033E0F_8E0F.manifest.safe        0.6650943396226415
 S1A_IW_SLC__1SDV_20190820T124203_20190820T124230_028653_033E0F_94E4.manifest.safe        0.6755555555555556
 S1A_IW_SLC__1SDV_20190820T124228_20190820T124255_028653_033E0F_A99A.manifest.safe        0.6393442622950820
 S1A_IW_SLC__1SDV_20190901T124139_20190901T124206_028828_034429_0479.manifest.safe        0.6650943396226415
 S1A_IW_SLC__1SDV_20190901T124204_20190901T124231_028828_034429_4CEE.manifest.safe        0.6755555555555556
 S1A_IW_SLC__1SDV_20190901T124229_20190901T124256_028828_034429_AA9B.manifest.safe        0.6393442622950820
 S1A_IW_SLC__1SDV_20190913T124140_20190913T124207_029003_034A3B_DC20.manifest.safe        0.6650943396226415
 S1A_IW_SLC__1SDV_20190913T124204_20190913T124231_029003_034A3B_D307.manifest.safe        0.6755555555555556
 S1A_IW_SLC__1SDV_20190913T124229_20190913T124256_029003_034A3B_FFCF.manifest.safe        0.6393442622950820
 S1A_IW_SLC__1SDV_20190925T124140_20190925T124207_029178_035030_8509.manifest.safe        0.6650943396226415
 S1A_IW_SLC__1SDV_20190925T124205_20190925T124232_029178_035030_1F2C.manifest.safe        0.6755555555555556
 S1A_IW_SLC__1SDV_20190925T124230_20190925T124257_029178_035030_4606.manifest.safe        0.6393442622950820
 S1A_IW_SLC__1SDV_20191007T124140_20191007T124207_029353_035641_F953.manifest.safe        0.6650943396226415
 S1A_IW_SLC__1SDV_20191007T124205_20191007T124232_029353_035641_5EF8.manifest.safe        0.6711111111111111
 S1A_IW_SLC__1SDV_20191007T124230_20191007T124257_029353_035641_596C.manifest.safe        0.6393442622950820
 S1A_IW_SLC__1SDV_20191019T124140_20191019T124207_029528_035C46_DF5B.manifest.safe        0.6650943396226415
 S1A_IW_SLC__1SDV_20191019T124205_20191019T124232_029528_035C46_773A.manifest.safe        0.6755555555555556
 S1A_IW_SLC__1SDV_20191019T124230_20191019T124257_029528_035C46_BDDD.manifest.safe        0.6393442622950820
 S1A_IW_SLC__1SDV_20191031T124140_20191031T124207_029703_03625E_E2CE.manifest.safe        0.6650943396226415
 S1A_IW_SLC__1SDV_20191031T124205_20191031T124232_029703_03625E_0AAA.manifest.safe        0.6755555555555556
 S1A_IW_SLC__1SDV_20191031T124230_20191031T124257_029703_03625E_DD53.manifest.safe        0.6393442622950820
 S1A_IW_SLC__1SDV_20191112T124140_20191112T124207_029878_03687E_EECB.manifest.safe        0.6650943396226415
 S1A_IW_SLC__1SDV_20191112T124205_20191112T124232_029878_03687E_5FD0.manifest.safe        0.6755555555555556
 S1A_IW_SLC__1SDV_20191112T124230_20191112T124257_029878_03687E_1A54.manifest.safe        0.6393442622950820
 S1A_IW_SLC__1SDV_20191124T124140_20191124T124207_030053_036E8E_363E.manifest.safe        0.6650943396226415
 S1A_IW_SLC__1SDV_20191124T124205_20191124T124232_030053_036E8E_85EF.manifest.safe        0.6755555555555556
 S1A_IW_SLC__1SDV_20191124T124230_20191124T124257_030053_036E8E_0648.manifest.safe        0.6393442622950820
 S1A_IW_SLC__1SDV_20191206T124140_20191206T124206_030228_03749C_A3AC.manifest.safe        0.6650943396226415
 S1A_IW_SLC__1SDV_20191206T124204_20191206T124231_030228_03749C_8B68.manifest.safe        0.6755555555555556
 S1A_IW_SLC__1SDV_20191206T124229_20191206T124256_030228_03749C_A7B0.manifest.safe        0.6393442622950820
 S1A_IW_SLC__1SDV_20191218T124139_20191218T124206_030403_037AAB_6994.manifest.safe        0.6650943396226415
 S1A_IW_SLC__1SDV_20191218T124204_20191218T124231_030403_037AAB_E380.manifest.safe        0.6755555555555556
 S1A_IW_SLC__1SDV_20191218T124229_20191218T124256_030403_037AAB_0FA8.manifest.safe        0.6393442622950820
 S1A_IW_SLC__1SDV_20191230T124139_20191230T124206_030578_0380AF_A2F6.manifest.safe        0.6650943396226415
 S1A_IW_SLC__1SDV_20191230T124203_20191230T124230_030578_0380AF_5CFC.manifest.safe        0.6755555555555556
 S1A_IW_SLC__1SDV_20191230T124228_20191230T124255_030578_0380AF_7C28.manifest.safe        0.6393442622950820
 S1A_IW_SLC__1SDV_20200111T124203_20200111T124230_030753_0386BD_58B7.manifest.safe        0.6755555555555556
 S1A_IW_SLC__1SDV_20200111T124228_20200111T124255_030753_0386BD_283F.manifest.safe        0.6393442622950820
 S1A_IW_SLC__1SDV_20200123T124138_20200123T124205_030928_038CE1_188B.manifest.safe        0.6650943396226415
 S1A_IW_SLC__1SDV_20200123T124203_20200123T124230_030928_038CE1_6F6B.manifest.safe        0.6755555555555556
 S1A_IW_SLC__1SDV_20200123T124227_20200123T124254_030928_038CE1_7996.manifest.safe        0.6393442622950820
 S1A_IW_SLC__1SDV_20200204T124137_20200204T124204_031103_039305_BB20.manifest.safe        0.6650943396226415
 S1A_IW_SLC__1SDV_20200204T124202_20200204T124229_031103_039305_4850.manifest.safe        0.6711111111111111
 S1A_IW_SLC__1SDV_20200204T124227_20200204T124254_031103_039305_9C3D.manifest.safe        0.6393442622950820
 S1A_IW_SLC__1SDV_20200216T124137_20200216T124204_031278_039910_DDFE.manifest.safe        0.6650943396226415
 S1A_IW_SLC__1SDV_20200216T124202_20200216T124229_031278_039910_2F34.manifest.safe        0.6755555555555556
 S1A_IW_SLC__1SDV_20200216T124227_20200216T124254_031278_039910_5557.manifest.safe        0.6393442622950820
 S1A_IW_SLC__1SSV_20141114T124059_20141114T124126_003278_003CB5_D58D.manifest.safe        1.0000000000000000
 S1A_IW_SLC__1SSV_20141114T124124_20141114T124152_003278_003CB5_675A.manifest.safe        1.0000000000000000
 S1A_IW_SLC__1SSV_20141114T124150_20141114T124212_003278_003CB5_F380.manifest.safe        1.0000000000000000
 S1A_IW_SLC__1SSV_20141208T124059_20141208T124125_003628_0044B3_F374.manifest.safe        1.0000000000000000
 S1A_IW_SLC__1SSV_20141208T124123_20141208T124151_003628_0044B3_A9F2.manifest.safe        1.0000000000000000
 S1A_IW_SLC__1SSV_20141208T124149_20141208T124212_003628_0044B3_4647.manifest.safe        1.0000000000000000
 S1A_IW_SLC__1SSV_20150101T124058_20150101T124125_003978_004C9E_ED84.manifest.safe        1.0000000000000000
 S1A_IW_SLC__1SSV_20150101T124123_20150101T124151_003978_004C9E_12BC.manifest.safe        1.0000000000000000
 S1A_IW_SLC__1SSV_20150101T124148_20150101T124211_003978_004C9E_6E24.manifest.safe        1.0000000000000000
 S1A_IW_SLC__1SSV_20150125T124057_20150125T124124_004328_00546C_534C.manifest.safe        1.0000000000000000
 S1A_IW_SLC__1SSV_20150125T124122_20150125T124150_004328_00546C_20C3.manifest.safe        1.0000000000000000
 S1A_IW_SLC__1SSV_20150125T124148_20150125T124210_004328_00546C_532E.manifest.safe        1.0000000000000000
 S1A_IW_SLC__1SSV_20150218T124057_20150218T124124_004678_005C6F_3D1D.manifest.safe        1.0000000000000000
 S1A_IW_SLC__1SSV_20150218T124121_20150218T124149_004678_005C6F_B06E.manifest.safe        1.0000000000000000
 S1A_IW_SLC__1SSV_20150218T124147_20150218T124210_004678_005C6F_8AFE.manifest.safe        1.0000000000000000
 S1A_IW_SLC__1SSV_20150302T124057_20150302T124124_004853_0060B1_40E2.manifest.safe        1.0000000000000000
 S1A_IW_SLC__1SSV_20150302T124122_20150302T124149_004853_0060B1_F6E3.manifest.safe        1.0000000000000000
 S1A_IW_SLC__1SSV_20150302T124147_20150302T124210_004853_0060B1_7C4F.manifest.safe        1.0000000000000000
 S1A_IW_SLC__1SSV_20150326T124057_20150326T124124_005203_006916_9A51.manifest.safe        1.0000000000000000
 S1A_IW_SLC__1SSV_20150326T124122_20150326T124150_005203_006916_4B91.manifest.safe        1.0000000000000000
 S1A_IW_SLC__1SSV_20150326T124148_20150326T124210_005203_006916_C799.manifest.safe        1.0000000000000000
 S1A_IW_SLC__1SSV_20150513T124141_20150513T124212_005903_0079A9_3A36.manifest.safe        1.0000000000000000
 S1A_IW_SLC__1SSV_20150606T124143_20150606T124214_006253_0082ED_7A44.manifest.safe        1.0000000000000000
 S1A_IW_SLC__1SSV_20150630T124145_20150630T124212_006603_008CD2_F106.manifest.safe        0.8406593406593407
 S1A_IW_SLC__1SSV_20150724T124145_20150724T124212_006953_0096A6_0C6A.manifest.safe        0.8406593406593407
 S1A_IW_SLC__1SSV_20150817T124132_20150817T124159_007303_00A049_BC26.manifest.safe        0.8968609865470852
 S1A_IW_SLC__1SSV_20150817T124157_20150817T124228_007303_00A049_1332.manifest.safe        0.9289617486338798
 S1A_IW_SLC__1SSV_20150910T124133_20150910T124200_007653_00A9D9_884A.manifest.safe        0.8968609865470852
 S1A_IW_SLC__1SSV_20150910T124158_20150910T124229_007653_00A9D9_D038.manifest.safe        0.9289617486338798
 S1A_IW_SLC__1SSV_20151121T124137_20151121T124204_008703_00C62A_BFEF.manifest.safe        0.7723214285714286
 S1A_IW_SLC__1SSV_20151121T124201_20151121T124228_008703_00C62A_5997.manifest.safe        0.7637362637362637
 S1A_IW_SLC__1SSV_20151215T124136_20151215T124203_009053_00CFE6_3F3C.manifest.safe        0.7723214285714286
 S1A_IW_SLC__1SSV_20151215T124201_20151215T124228_009053_00CFE6_096C.manifest.safe        0.7595628415300546
 S1A_IW_SLC__1SSV_20160108T124135_20160108T124202_009403_00D9DF_737D.manifest.safe        0.7723214285714286
 S1A_IW_SLC__1SSV_20160108T124200_20160108T124227_009403_00D9DF_1C4B.manifest.safe        0.7595628415300546
 S1A_IW_SLC__1SSV_20160201T124109_20160201T124136_009753_00E408_8F93.manifest.safe        0.7688679245283019
 S1A_IW_SLC__1SSV_20160201T124134_20160201T124201_009753_00E408_D7E6.manifest.safe        0.7723214285714286
 S1A_IW_SLC__1SSV_20160201T124159_20160201T124226_009753_00E408_C3E7.manifest.safe        0.7595628415300546
 S1A_IW_SLC__1SSV_20160225T124109_20160225T124136_010103_00EE3E_D7EB.manifest.safe        0.7688679245283019
 S1A_IW_SLC__1SSV_20160225T124134_20160225T124201_010103_00EE3E_A7A1.manifest.safe        0.7723214285714286
 S1A_IW_SLC__1SSV_20160225T124159_20160225T124226_010103_00EE3E_C9F0.manifest.safe        0.7595628415300546
 S1A_IW_SLC__1SSV_20160320T124110_20160320T124137_010453_00F822_338F.manifest.safe        0.7688679245283019
 S1A_IW_SLC__1SSV_20160320T124134_20160320T124201_010453_00F822_CAB1.manifest.safe        0.7723214285714286
 S1A_IW_SLC__1SSV_20160413T124111_20160413T124137_010803_010267_6094.manifest.safe        0.7688679245283019
 S1A_IW_SLC__1SSV_20160413T124135_20160413T124202_010803_010267_C643.manifest.safe        0.7723214285714286
 S1A_IW_SLC__1SSV_20160413T124200_20160413T124227_010803_010267_6C35.manifest.safe        0.7595628415300546
 S1A_IW_SLC__1SSV_20160531T124116_20160531T124143_011503_0118A8_C819.manifest.safe        0.6650943396226415
 S1A_IW_SLC__1SSV_20160531T124140_20160531T124207_011503_0118A8_3D61.manifest.safe        0.6726457399103140
 S1A_IW_SLC__1SSV_20160531T124205_20160531T124232_011503_0118A8_B89F.manifest.safe        0.6448087431693990
 S1A_IW_SLC__1SSV_20160718T124118_20160718T124145_012203_012F03_7F10.manifest.safe        0.6650943396226415
 S1A_IW_SLC__1SSV_20160718T124143_20160718T124210_012203_012F03_B25B.manifest.safe        0.6726457399103140
 S1A_IW_SLC__1SSV_20160718T124208_20160718T124235_012203_012F03_9A71.manifest.safe        0.6448087431693990
 S1A_IW_SLC__1SSV_20160811T124120_20160811T124147_012553_013A93_9380.manifest.safe        0.6650943396226415
 S1A_IW_SLC__1SSV_20160811T124144_20160811T124211_012553_013A93_D48D.manifest.safe        0.6726457399103140
 S1A_IW_SLC__1SSV_20160811T124209_20160811T124236_012553_013A93_A864.manifest.safe        0.6448087431693990
 S1A_IW_SLC__1SSV_20160904T124121_20160904T124148_012903_014644_B6A3.manifest.safe        0.6650943396226415
 S1A_IW_SLC__1SSV_20160904T124146_20160904T124212_012903_014644_89D7.manifest.safe        0.6726457399103140
 S1A_IW_SLC__1SSV_20160904T124210_20160904T124237_012903_014644_ACC0.manifest.safe        0.6448087431693990
 S1A_IW_SLC__1SSV_20160928T124122_20160928T124149_013253_0151A3_A8D2.manifest.safe        0.6650943396226415
 S1A_IW_SLC__1SSV_20160928T124146_20160928T124213_013253_0151A3_BBAD.manifest.safe        0.6726457399103140
 S1A_IW_SLC__1SSV_20160928T124211_20160928T124238_013253_0151A3_DC68.manifest.safe        0.6448087431693990
 S1A_IW_SLC__1SSV_20161022T124122_20161022T124148_013603_015CA9_E3ED.manifest.safe        0.6650943396226415
 S1A_IW_SLC__1SSV_20161022T124146_20161022T124213_013603_015CA9_D7D0.manifest.safe        0.6726457399103140
 S1A_IW_SLC__1SSV_20161022T124211_20161022T124238_013603_015CA9_22C7.manifest.safe        0.6448087431693990
 S1A_IW_SLC__1SSV_20161115T124121_20161115T124148_013953_016790_7D93.manifest.safe        0.6650943396226415
 S1A_IW_SLC__1SSV_20161115T124146_20161115T124213_013953_016790_6674.manifest.safe        0.6726457399103140
 S1A_IW_SLC__1SSV_20161115T124211_20161115T124238_013953_016790_3746.manifest.safe        0.6448087431693990
 S1A_IW_SLC__1SSV_20161209T124121_20161209T124148_014303_017273_F9EB.manifest.safe        0.6650943396226415
 S1A_IW_SLC__1SSV_20161209T124146_20161209T124213_014303_017273_289B.manifest.safe        0.6726457399103140
 S1A_IW_SLC__1SSV_20161209T124210_20161209T124237_014303_017273_88EC.manifest.safe        0.6448087431693990
 S1A_IW_SLC__1SSV_20170102T124119_20170102T124146_014653_017D4B_7DF0.manifest.safe        0.6650943396226415
 S1A_IW_SLC__1SSV_20170102T124144_20170102T124211_014653_017D4B_FB11.manifest.safe        0.6726457399103140
 S1A_IW_SLC__1SSV_20170102T124208_20170102T124235_014653_017D4B_27FA.manifest.safe        0.6448087431693990
 S1A_IW_SLC__1SSV_20170126T124118_20170126T124145_015003_01880C_AD11.manifest.safe        0.6650943396226415
 S1A_IW_SLC__1SSV_20170126T124143_20170126T124210_015003_01880C_0A83.manifest.safe        0.6726457399103140
 S1A_IW_SLC__1SSV_20170126T124208_20170126T124235_015003_01880C_921B.manifest.safe        0.6448087431693990
